#***************************************************************************

#sjplacer

#Version:            1.1

#Build Date:         Jul 19 2017 14:31:00

#File Generated:     Nov 14 2017 11:06:03

#Purpose:            

#Copyright (C) 2010-2011 by Softjin Technologies Pvt Ltd. All rights reserved.

#***************************************************************************

Executing : J:\PSoC\PSoC Creator\4.1\PSoC Creator\bin/sjplacer.exe --proj-name ZumoBot --netlist-vh2 ZumoBot_p.vh2 --arch p35_udb4x6 --arch-file J:\PSoC\PSoC Creator\4.1\PSoC Creator\dev\arch/udbdsi_4x6_24.cydata --ip-file J:\PSoC\PSoC Creator\4.1\PSoC Creator\dev\psoc5/psoc5lp/ip_blocks.cydata --rrg-file J:\PSoC\PSoC Creator\4.1\PSoC Creator\dev\psoc5/psoc5lp/route_arch-rrg.cydata --irq-file J:\PSoC\PSoC Creator\4.1\PSoC Creator\dev\psoc5/psoc5lp/irqconn.cydata --drq-file J:\PSoC\PSoC Creator\4.1\PSoC Creator\dev\psoc5/psoc5lp/dmaconn.cydata --dsi-conn-file J:\PSoC\PSoC Creator\4.1\PSoC Creator\dev\psoc5/psoc5lp/dsiconn.cydata --pins-file pins_68-QFN.xml --lib-file ZumoBot_p.lib --sdc-file ZumoBot.sdc --io-pcf ZumoBot.pci --outdir .

		Softjin Techologies Placer, Version 1.1

Build Date : Jul 19 2017	14:29:55

D2004: Option and Settings Summary
=============================================================
Netlist vh2 file          - ZumoBot_p.vh2
Architecture file         - J:\PSoC\PSoC Creator\4.1\PSoC Creator\dev\arch/udbdsi_4x6_24.cydata
Package                   - 
Defparam file             - 
SDC file                  - ZumoBot.sdc
Output directory          - .
Timing library            - ZumoBot_p.lib
IO Placement file         - ZumoBot.pci

D2050: Starting reading inputs for placer
=============================================================
D2065: Reading netlist file : "ZumoBot_p.vh2"
D2065: Reading arch file : "J:\PSoC\PSoC Creator\4.1\PSoC Creator\dev\arch/udbdsi_4x6_24.cydata"
D2051: Reading of inputs for placer completed successfully

D2053: Starting placement of the design
=============================================================

Phase 2
Phase 3

Design Statistics after Packing
    Number of Combinational MCs 	:	20
    Number of Sequential MCs    	:	33
    Number of DPs               	:	8
    Number of Controls          	:	4
    Number of Status            	:	5
    Number of SyncCells         	:	0
    Number of count7cells       	:	1

Device Utilization Summary after Packing
    Macrocells                  :	53/192
    UDBS                        :	10/24
    IOs                         :	21/72


D2088: Phase 3, elapsed time : 0.0 (sec)

Phase 4
D2088: Phase 4, elapsed time : 0.0 (sec)

Phase 5
D2088: Phase 5, elapsed time : 0.0 (sec)

Phase 6

######################################################################
Placement Timing Summary

The timing summary is based on estimated routing delays after
placement. For final timing report, please carry out the timing
analysis after routing.
======================================================================

######################################################################
                     Clock Summary 
======================================================================
Number of clocks: 13
Clock: ADC_Battery_theACLK  | Frequency: N/A       | Target:  12.0 MHz
Clock: ADC_Battery_theACLK(fixed-function) | Frequency: N/A       | Target:  12.0 MHz
Clock: Clock_1              | Frequency:  80.3 MHz | Target:   0.1 MHz
Clock: Clock_2              | Frequency:  93.9 MHz | Target:   0.2 MHz
Clock: CyBUS_CLK            | Frequency:  55.6 MHz | Target:  24.0 MHz
Clock: CyBUS_CLK(fixed-function) | Frequency: N/A       | Target:  24.0 MHz
Clock: CyILO                | Frequency: N/A       | Target:   0.0 MHz
Clock: CyIMO                | Frequency: N/A       | Target:   3.0 MHz
Clock: CyMASTER_CLK         | Frequency: N/A       | Target:  24.0 MHz
Clock: CyPLL_OUT            | Frequency: N/A       | Target:  24.0 MHz
Clock: UART_1_IntClock      | Frequency:  55.3 MHz | Target:   0.9 MHz
Clock: timer_clock_4        | Frequency:  59.7 MHz | Target:   0.8 MHz
Clock: timer_clock_5        | Frequency:  60.7 MHz | Target:   0.0 MHz

======================================================================
                     End of Clock Summary
######################################################################

D2088: Phase 6, elapsed time : 0.0 (sec)

Phase 7
######################################################################
                     Clock Summary 
======================================================================
Number of clocks: 13
Clock: ADC_Battery_theACLK  | Frequency: N/A       | Target:  12.0 MHz
Clock: ADC_Battery_theACLK(fixed-function) | Frequency: N/A       | Target:  12.0 MHz
Clock: Clock_1              | Frequency:  85.3 MHz | Target:   0.1 MHz
Clock: Clock_2              | Frequency:  93.9 MHz | Target:   0.2 MHz
Clock: CyBUS_CLK            | Frequency:   1.3 MHz | Target:  24.0 MHz
Clock: CyBUS_CLK(fixed-function) | Frequency: N/A       | Target:  24.0 MHz
Clock: CyILO                | Frequency: N/A       | Target:   0.0 MHz
Clock: CyIMO                | Frequency: N/A       | Target:   3.0 MHz
Clock: CyMASTER_CLK         | Frequency: N/A       | Target:  24.0 MHz
Clock: CyPLL_OUT            | Frequency: N/A       | Target:  24.0 MHz
Clock: UART_1_IntClock      | Frequency:   1.3 MHz | Target:   0.9 MHz
Clock: timer_clock_4        | Frequency:  59.7 MHz | Target:   0.8 MHz
Clock: timer_clock_5        | Frequency:  60.7 MHz | Target:   0.0 MHz

======================================================================
                     End of Clock Summary
######################################################################
D2088: Phase 7, elapsed time : 0.7 (sec)

Final Design Statistics
    Number of Combinational MCs 	:	20
    Number of Sequential MCs    	:	33
    Number of DPs               	:	8
    Number of Controls          	:	4
    Number of Status            	:	5
    Number of SyncCells         	:	0
    Number of count7cells       	:	1
    Number of IOs       	:	21

Device Utilization Summary
    Macrocells                  :	53/192
    IOs                         :	21/72



######################################################################
Placement Timing Summary

The timing summary is based on estimated routing delays after
placement. For final timing report, please carry out the timing
analysis after routing.
======================================================================


######################################################################
                     Clock Summary 
======================================================================
Number of clocks: 13
Clock: ADC_Battery_theACLK  | Frequency: N/A       | Target:  12.0 MHz
Clock: ADC_Battery_theACLK(fixed-function) | Frequency: N/A       | Target:  12.0 MHz
Clock: Clock_1              | Frequency:  75.6 MHz | Target:   0.1 MHz
Clock: Clock_2              | Frequency:  82.7 MHz | Target:   0.2 MHz
Clock: CyBUS_CLK            | Frequency:   1.5 MHz | Target:  24.0 MHz
Clock: CyBUS_CLK(fixed-function) | Frequency: N/A       | Target:  24.0 MHz
Clock: CyILO                | Frequency: N/A       | Target:   0.0 MHz
Clock: CyIMO                | Frequency: N/A       | Target:   3.0 MHz
Clock: CyMASTER_CLK         | Frequency: N/A       | Target:  24.0 MHz
Clock: CyPLL_OUT            | Frequency: N/A       | Target:  24.0 MHz
Clock: UART_1_IntClock      | Frequency:   1.5 MHz | Target:   0.9 MHz
Clock: timer_clock_4        | Frequency:  59.7 MHz | Target:   0.8 MHz
Clock: timer_clock_5        | Frequency:  57.5 MHz | Target:   0.0 MHz

======================================================================
                     End of Clock Summary
######################################################################

Phase 8
D2088: Phase 8, elapsed time : 0.0 (sec)

D2054: Placement of the design completed successfully

I2076: Total run-time: 1.5 sec.

