ARM GAS  C:\Users\asd\AppData\Local\Temp\ccOhEINX.s 			page 1


   1              		.syntax unified
   2              		.cpu cortex-m3
   3              		.fpu softvfp
   4              		.eabi_attribute 20, 1
   5              		.eabi_attribute 21, 1
   6              		.eabi_attribute 23, 3
   7              		.eabi_attribute 24, 1
   8              		.eabi_attribute 25, 1
   9              		.eabi_attribute 26, 1
  10              		.eabi_attribute 30, 1
  11              		.eabi_attribute 34, 1
  12              		.eabi_attribute 18, 4
  13              		.thumb
  14              		.syntax unified
  15              		.file	"main.c"
  16              		.text
  17              	.Ltext0:
  18              		.cfi_sections	.debug_frame
  19              		.section	.text.main,"ax",%progbits
  20              		.align	2
  21              		.global	main
  22              		.thumb
  23              		.thumb_func
  24              		.type	main, %function
  25              	main:
  26              	.LFB64:
  27              		.file 1 "main.c"
   1:main.c        **** /**
   2:main.c        **** * @mainpage ZumoBot Project
   3:main.c        **** * @brief    You can make your own ZumoBot with various sensors.
   4:main.c        **** * @details  <br><br>
   5:main.c        ****     <p>
   6:main.c        ****     <B>General</B><br>
   7:main.c        ****     You will use Pololu Zumo Shields for your robot project with CY8CKIT-059(PSoC 5LP) from Cypress
   8:main.c        ****     library has basic methods of various sensors and communications so that you can make what you w
   9:main.c        ****     <br><br>
  10:main.c        ****     </p>
  11:main.c        ****     
  12:main.c        ****     <p>
  13:main.c        ****     <B>Sensors</B><br>
  14:main.c        ****     &nbsp;Included: <br>
  15:main.c        ****         &nbsp;&nbsp;&nbsp;&nbsp;LSM303D: Accelerometer & Magnetometer<br>
  16:main.c        ****         &nbsp;&nbsp;&nbsp;&nbsp;L3GD20H: Gyroscope<br>
  17:main.c        ****         &nbsp;&nbsp;&nbsp;&nbsp;Reflectance sensor<br>
  18:main.c        ****         &nbsp;&nbsp;&nbsp;&nbsp;Motors
  19:main.c        ****     &nbsp;Wii nunchuck<br>
  20:main.c        ****     &nbsp;TSOP-2236: IR Receiver<br>
  21:main.c        ****     &nbsp;HC-SR04: Ultrasonic sensor<br>
  22:main.c        ****     &nbsp;APDS-9301: Ambient light sensor<br>
  23:main.c        ****     &nbsp;IR LED <br><br><br>
  24:main.c        ****     </p>
  25:main.c        ****     
  26:main.c        ****     <p>
  27:main.c        ****     <B>Communication</B><br>
  28:main.c        ****     I2C, UART, Serial<br>
  29:main.c        ****     </p>
  30:main.c        **** */
ARM GAS  C:\Users\asd\AppData\Local\Temp\ccOhEINX.s 			page 2


  31:main.c        **** 
  32:main.c        **** #include <project.h>
  33:main.c        **** #include <stdio.h>
  34:main.c        **** #include "Motor.h"
  35:main.c        **** #include "Ultra.h"
  36:main.c        **** #include "Nunchuk.h"
  37:main.c        **** #include "Reflectance.h"
  38:main.c        **** #include "I2C_made.h"
  39:main.c        **** #include "Gyro.h"
  40:main.c        **** #include "Accel_magnet.h"
  41:main.c        **** #include "IR.h"
  42:main.c        **** #include "Ambient.h"
  43:main.c        **** #include "Beep.h"
  44:main.c        **** 
  45:main.c        **** int rread(void);
  46:main.c        **** 
  47:main.c        **** /**
  48:main.c        ****  * @file    main.c
  49:main.c        ****  * @brief   
  50:main.c        ****  * @details  ** You should enable global interrupt for operating properly. **<br>&nbsp;&nbsp;&nbsp;
  51:main.c        **** */
  52:main.c        **** 
  53:main.c        **** /*
  54:main.c        **** //battery level//
  55:main.c        **** int main()
  56:main.c        **** {
  57:main.c        ****     CyGlobalIntEnable; 
  58:main.c        ****     UART_1_Start();
  59:main.c        ****     ADC_Battery_Start();        
  60:main.c        ****     int16 adcresult =0;
  61:main.c        ****     //float volts = 0.0;
  62:main.c        **** 
  63:main.c        ****     printf("\nBoot\n");
  64:main.c        **** 
  65:main.c        ****     //BatteryLed_Write(1); // Switch led on 
  66:main.c        ****     BatteryLed_Write(0); // Switch led off 
  67:main.c        ****     //uint8 button;
  68:main.c        ****     //button = SW1_Read(); // read SW1 on pSoC board
  69:main.c        **** 
  70:main.c        ****     for(;;)
  71:main.c        ****     {
  72:main.c        ****         
  73:main.c        ****         ADC_Battery_StartConvert();
  74:main.c        ****         if(ADC_Battery_IsEndConversion(ADC_Battery_WAIT_FOR_RESULT)) {   // wait for get ADC conver
  75:main.c        ****             adcresult = ADC_Battery_GetResult16();
  76:main.c        ****             volts = ADC_Battery_CountsTo_Volts(adcresult);                  // convert value to Vol
  77:main.c        ****         
  78:main.c        ****             // If you want to print value
  79:main.c        ****             printf("%d %f\r\n",adcresult, volts*1.5+0.045);
  80:main.c        ****         }
  81:main.c        ****         CyDelay(500);
  82:main.c        ****     }
  83:main.c        ****    
  84:main.c        ****     int choice;
  85:main.c        ****     int IR_val;
  86:main.c        ****     while(1) {
  87:main.c        ****         do {
ARM GAS  C:\Users\asd\AppData\Local\Temp\ccOhEINX.s 			page 3


  88:main.c        ****             IR_val = get_IR();
  89:main.c        ****         }
  90:main.c        ****         while(!IR_val);
  91:main.c        ****         motor_start();
  92:main.c        ****        
  93:main.c        ****         motor_forward(110,4800);
  94:main.c        ****         motor_turn(160,0,470);
  95:main.c        ****         motor_forward(100,3800);
  96:main.c        ****         motor_turn(170,0,470);
  97:main.c        ****         motor_forward(200,2450);
  98:main.c        ****         motor_turn(230,0,600);
  99:main.c        ****         motor_turn(90,120,3620);
 100:main.c        ****         
 101:main.c        ****         motor_stop();
 102:main.c        **** 
 103:main.c        ****     }
 104:main.c        **** }
 105:main.c        **** */
 106:main.c        **** 
 107:main.c        **** 
 108:main.c        **** /*//ultra sonic sensor//
 109:main.c        **** int main()
 110:main.c        **** {
 111:main.c        ****     CyGlobalIntEnable; 
 112:main.c        ****     UART_1_Start();
 113:main.c        ****     Ultra_Start();                          // Ultra Sonic Start function
 114:main.c        ****     while(1) {
 115:main.c        ****         //If you want to print out the value  
 116:main.c        ****         printf("distance = %5.0f\r\n", Ultra_GetDistance());
 117:main.c        ****         CyDelay(1000);
 118:main.c        ****     }
 119:main.c        **** }   
 120:main.c        **** //*/
 121:main.c        **** 
 122:main.c        **** 
 123:main.c        **** /*//nunchuk//
 124:main.c        **** int main()
 125:main.c        **** {
 126:main.c        ****     CyGlobalIntEnable; 
 127:main.c        ****     UART_1_Start();
 128:main.c        ****   
 129:main.c        ****     nunchuk_start();
 130:main.c        ****     nunchuk_init();
 131:main.c        ****     
 132:main.c        ****     for(;;)
 133:main.c        ****     {    
 134:main.c        ****         nunchuk_read();
 135:main.c        ****     }
 136:main.c        **** }   
 137:main.c        **** //*/
 138:main.c        **** 
 139:main.c        **** 
 140:main.c        **** /*//IR receiver//
 141:main.c        **** int main()
 142:main.c        **** {
 143:main.c        ****     CyGlobalIntEnable; 
 144:main.c        ****     UART_1_Start();
ARM GAS  C:\Users\asd\AppData\Local\Temp\ccOhEINX.s 			page 4


 145:main.c        ****     
 146:main.c        ****     unsigned int IR_val; 
 147:main.c        ****     
 148:main.c        ****     for(;;)
 149:main.c        ****     {
 150:main.c        ****        IR_val = get_IR();
 151:main.c        ****        printf("%x\r\n\n",IR_val);
 152:main.c        ****     }    
 153:main.c        ****  }   
 154:main.c        **** //*/
 155:main.c        **** 
 156:main.c        **** 
 157:main.c        **** /*//Ambient light sensor//
 158:main.c        **** int main()
 159:main.c        **** {
 160:main.c        ****     CyGlobalIntEnable; 
 161:main.c        ****     UART_1_Start();
 162:main.c        ****     
 163:main.c        ****     I2C_Start();
 164:main.c        ****     
 165:main.c        ****     I2C_write(0x29,0x80,0x00);          // set to power down
 166:main.c        ****     I2C_write(0x29,0x80,0x03);          // set to power on
 167:main.c        ****     
 168:main.c        ****     for(;;)
 169:main.c        ****     {    
 170:main.c        ****         uint8 Data0Low,Data0High,Data1Low,Data1High;
 171:main.c        ****         Data0Low = I2C_read(0x29,CH0_L);
 172:main.c        ****         Data0High = I2C_read(0x29,CH0_H);
 173:main.c        ****         Data1Low = I2C_read(0x29,CH1_L);
 174:main.c        ****         Data1High = I2C_read(0x29,CH1_H);
 175:main.c        ****         
 176:main.c        ****         uint8 CH0, CH1;
 177:main.c        ****         CH0 = convert_raw(Data0Low,Data0High);      // combine Data0
 178:main.c        ****         CH1 = convert_raw(Data1Low,Data1High);      // combine Data1
 179:main.c        **** 
 180:main.c        ****         double Ch0 = CH0;
 181:main.c        ****         double Ch1 = CH1;
 182:main.c        ****         
 183:main.c        ****         double data = 0;
 184:main.c        ****         data = getLux(Ch0,Ch1);
 185:main.c        ****         
 186:main.c        ****         // If you want to print out data
 187:main.c        ****         //printf("%lf\r\n",data);    
 188:main.c        ****     }    
 189:main.c        ****  }   
 190:main.c        **** //*/
 191:main.c        **** 
 192:main.c        **** 
 193:main.c        **** /*//accelerometer//
 194:main.c        **** int main()
 195:main.c        **** {
 196:main.c        ****     CyGlobalIntEnable; 
 197:main.c        ****     UART_1_Start();
 198:main.c        ****   
 199:main.c        ****     I2C_Start();
 200:main.c        ****   
 201:main.c        ****     uint8 X_L_A, X_H_A, Y_L_A, Y_H_A, Z_L_A, Z_H_A;
ARM GAS  C:\Users\asd\AppData\Local\Temp\ccOhEINX.s 			page 5


 202:main.c        ****     int16 X_AXIS_A, Y_AXIS_A, Z_AXIS_A;
 203:main.c        ****     
 204:main.c        ****     I2C_write(ACCEL_MAG_ADDR, ACCEL_CTRL1_REG, 0x37);           // set accelerometer & magnetometer
 205:main.c        ****     I2C_write(ACCEL_MAG_ADDR, ACCEL_CTRL7_REG, 0x22);
 206:main.c        ****     
 207:main.c        ****     
 208:main.c        ****     for(;;)
 209:main.c        ****     {
 210:main.c        ****         //print out accelerometer output
 211:main.c        ****         X_L_A = I2C_read(ACCEL_MAG_ADDR, OUT_X_L_A);
 212:main.c        ****         X_H_A = I2C_read(ACCEL_MAG_ADDR, OUT_X_H_A);
 213:main.c        ****         X_AXIS_A = convert_raw(X_L_A, X_H_A);
 214:main.c        ****         
 215:main.c        ****         Y_L_A = I2C_read(ACCEL_MAG_ADDR, OUT_Y_L_A);
 216:main.c        ****         Y_H_A = I2C_read(ACCEL_MAG_ADDR, OUT_Y_H_A);
 217:main.c        ****         Y_AXIS_A = convert_raw(Y_L_A, Y_H_A);
 218:main.c        ****         
 219:main.c        ****         Z_L_A = I2C_read(ACCEL_MAG_ADDR, OUT_Z_L_A);
 220:main.c        ****         Z_H_A = I2C_read(ACCEL_MAG_ADDR, OUT_Z_H_A);
 221:main.c        ****         Z_AXIS_A = convert_raw(Z_L_A, Z_H_A);
 222:main.c        ****         
 223:main.c        ****         printf("ACCEL: %d %d %d %d %d %d \r\n", X_L_A, X_H_A, Y_L_A, Y_H_A, Z_L_A, Z_H_A);
 224:main.c        ****         value_convert_accel(X_AXIS_A, Y_AXIS_A, Z_AXIS_A);
 225:main.c        ****         printf("\n");
 226:main.c        ****         
 227:main.c        ****         CyDelay(50);
 228:main.c        ****     }
 229:main.c        **** }   
 230:main.c        **** //*/
 231:main.c        **** 
 232:main.c        **** 
 233:main.c        **** //reflectance//
 234:main.c        **** int main()
 235:main.c        **** {
  28              		.loc 1 235 0
  29              		.cfi_startproc
  30              		@ args = 0, pretend = 0, frame = 16
  31              		@ frame_needed = 0, uses_anonymous_args = 0
  32 0000 00B5     		push	{lr}
  33              		.cfi_def_cfa_offset 4
  34              		.cfi_offset 14, -4
  35 0002 85B0     		sub	sp, sp, #20
  36              		.cfi_def_cfa_offset 24
 236:main.c        ****     struct sensors_ ref;
 237:main.c        ****     struct sensors_ dig;
 238:main.c        ****     CyGlobalIntEnable; 
  37              		.loc 1 238 0
  38              		.syntax unified
  39              	@ 238 "main.c" 1
  40 0004 62B6     		CPSIE   i
  41              	@ 0 "" 2
 239:main.c        ****     UART_1_Start();
  42              		.loc 1 239 0
  43              		.thumb
  44              		.syntax unified
  45 0006 FFF7FEFF 		bl	UART_1_Start
  46              	.LVL0:
ARM GAS  C:\Users\asd\AppData\Local\Temp\ccOhEINX.s 			page 6


 240:main.c        ****   
 241:main.c        ****     sensor_isr_StartEx(sensor_isr_handler);
  47              		.loc 1 241 0
  48 000a 2748     		ldr	r0, .L9
  49 000c FFF7FEFF 		bl	sensor_isr_StartEx
  50              	.LVL1:
 242:main.c        ****     
 243:main.c        ****     reflectance_start();
  51              		.loc 1 243 0
  52 0010 FFF7FEFF 		bl	reflectance_start
  53              	.LVL2:
 244:main.c        **** 
 245:main.c        ****     IR_led_Write(1);
  54              		.loc 1 245 0
  55 0014 0120     		movs	r0, #1
  56 0016 FFF7FEFF 		bl	IR_led_Write
  57              	.LVL3:
  58              	.L2:
  59              	.LBB2:
 246:main.c        ****     for(;;)
 247:main.c        ****     {
 248:main.c        ****         //reflectance_read(&ref);
 249:main.c        ****         //printf("%d %d %d %d \r\n", ref.l3, ref.l1, ref.r1, ref.r3);       //print out each period
 250:main.c        ****         //reflectance_digital(&dig);      //print out 0 or 1 according to results of reflectance pe
 251:main.c        ****         //printf("%d %d %d %d \r\n", dig.l3, dig.l1, dig.r1, dig.r3);        //print out 0 or 1 acc
 252:main.c        ****         int IR_val;
 253:main.c        ****          
 254:main.c        ****         do {
 255:main.c        ****             IR_val = get_IR();
  60              		.loc 1 255 0 discriminator 1
  61 001a FFF7FEFF 		bl	get_IR
  62              	.LVL4:
 256:main.c        ****         }
 257:main.c        ****         
 258:main.c        ****         while(!IR_val);
  63              		.loc 1 258 0 discriminator 1
  64 001e 0028     		cmp	r0, #0
  65 0020 FBD0     		beq	.L2
 259:main.c        ****         motor_start();
  66              		.loc 1 259 0
  67 0022 FFF7FEFF 		bl	motor_start
  68              	.LVL5:
  69              	.L3:
 260:main.c        ****         do{ 
 261:main.c        ****             reflectance_read(&ref);
  70              		.loc 1 261 0
  71 0026 02A8     		add	r0, sp, #8
  72 0028 FFF7FEFF 		bl	reflectance_read
  73              	.LVL6:
 262:main.c        ****             reflectance_digital(&dig);
  74              		.loc 1 262 0
  75 002c 6846     		mov	r0, sp
  76 002e FFF7FEFF 		bl	reflectance_digital
  77              	.LVL7:
 263:main.c        ****             if(dig.r1+dig.l1==0)
  78              		.loc 1 263 0
  79 0032 BDF80430 		ldrh	r3, [sp, #4]
ARM GAS  C:\Users\asd\AppData\Local\Temp\ccOhEINX.s 			page 7


  80 0036 BDF80220 		ldrh	r2, [sp, #2]
  81 003a D342     		cmn	r3, r2
  82 003c 07D1     		bne	.L4
 264:main.c        ****             {
 265:main.c        ****                 motor_forward(120,50);
  83              		.loc 1 265 0
  84 003e 3221     		movs	r1, #50
  85 0040 7820     		movs	r0, #120
  86 0042 FFF7FEFF 		bl	motor_forward
  87              	.LVL8:
 266:main.c        ****                 CyDelay(50);
  88              		.loc 1 266 0
  89 0046 3220     		movs	r0, #50
  90 0048 FFF7FEFF 		bl	CyDelay
  91              	.LVL9:
  92 004c EBE7     		b	.L3
  93              	.L4:
 267:main.c        ****             }
 268:main.c        ****             else if (dig.r1==1 && dig.l1==0)
  94              		.loc 1 268 0
  95 004e 012B     		cmp	r3, #1
  96 0050 0DD1     		bne	.L6
  97              		.loc 1 268 0 is_stmt 0 discriminator 1
  98 0052 62B9     		cbnz	r2, .L6
 269:main.c        ****             {
 270:main.c        ****                 motor_forward(1,1);
  99              		.loc 1 270 0 is_stmt 1
 100 0054 0121     		movs	r1, #1
 101 0056 0846     		mov	r0, r1
 102 0058 FFF7FEFF 		bl	motor_forward
 103              	.LVL10:
 271:main.c        ****                 motor_turn(0,140,50);
 104              		.loc 1 271 0
 105 005c 3222     		movs	r2, #50
 106 005e 8C21     		movs	r1, #140
 107 0060 0020     		movs	r0, #0
 108 0062 FFF7FEFF 		bl	motor_turn
 109              	.LVL11:
 272:main.c        ****                 CyDelay(50);
 110              		.loc 1 272 0
 111 0066 3220     		movs	r0, #50
 112 0068 FFF7FEFF 		bl	CyDelay
 113              	.LVL12:
 114 006c DBE7     		b	.L3
 115              	.L6:
 273:main.c        ****                 
 274:main.c        ****             }
 275:main.c        ****             else if (dig.r1==0 && dig.l1==1)
 116              		.loc 1 275 0
 117 006e 73B9     		cbnz	r3, .L7
 118              		.loc 1 275 0 is_stmt 0 discriminator 1
 119 0070 012A     		cmp	r2, #1
 120 0072 0CD1     		bne	.L7
 276:main.c        ****             {   
 277:main.c        ****                 motor_forward(1,1);
 121              		.loc 1 277 0 is_stmt 1
 122 0074 0121     		movs	r1, #1
ARM GAS  C:\Users\asd\AppData\Local\Temp\ccOhEINX.s 			page 8


 123 0076 0846     		mov	r0, r1
 124 0078 FFF7FEFF 		bl	motor_forward
 125              	.LVL13:
 278:main.c        ****                 motor_turn(140,0,50);
 126              		.loc 1 278 0
 127 007c 3222     		movs	r2, #50
 128 007e 0021     		movs	r1, #0
 129 0080 8C20     		movs	r0, #140
 130 0082 FFF7FEFF 		bl	motor_turn
 131              	.LVL14:
 279:main.c        ****                 CyDelay(50);
 132              		.loc 1 279 0
 133 0086 3220     		movs	r0, #50
 134 0088 FFF7FEFF 		bl	CyDelay
 135              	.LVL15:
 136 008c CBE7     		b	.L3
 137              	.L7:
 280:main.c        ****             }
 281:main.c        ****             else
 282:main.c        ****             {
 283:main.c        ****                 motor_backward(100,50);
 138              		.loc 1 283 0
 139 008e 3221     		movs	r1, #50
 140 0090 6420     		movs	r0, #100
 141 0092 FFF7FEFF 		bl	motor_backward
 142              	.LVL16:
 284:main.c        ****                 motor_turn(150,0,100);
 143              		.loc 1 284 0
 144 0096 6422     		movs	r2, #100
 145 0098 0021     		movs	r1, #0
 146 009a 9620     		movs	r0, #150
 147 009c FFF7FEFF 		bl	motor_turn
 148              	.LVL17:
 285:main.c        ****                 CyDelay(100);
 149              		.loc 1 285 0
 150 00a0 6420     		movs	r0, #100
 151 00a2 FFF7FEFF 		bl	CyDelay
 152              	.LVL18:
 153 00a6 BEE7     		b	.L3
 154              	.L10:
 155              		.align	2
 156              	.L9:
 157 00a8 00000000 		.word	sensor_isr_handler
 158              	.LBE2:
 159              		.cfi_endproc
 160              	.LFE64:
 161              		.size	main, .-main
 162              		.section	.text._write,"ax",%progbits
 163              		.align	2
 164              		.global	_write
 165              		.thumb
 166              		.thumb_func
 167              		.type	_write, %function
 168              	_write:
 169              	.LFB65:
 286:main.c        ****             }
 287:main.c        ****         }
ARM GAS  C:\Users\asd\AppData\Local\Temp\ccOhEINX.s 			page 9


 288:main.c        ****         while(1);
 289:main.c        ****             
 290:main.c        ****         
 291:main.c        ****         CyDelay(500);
 292:main.c        ****     }
 293:main.c        **** }   
 294:main.c        **** //
 295:main.c        **** 
 296:main.c        ****  /* //motor//
 297:main.c        **** int main()
 298:main.c        **** {
 299:main.c        ****     CyGlobalIntEnable; 
 300:main.c        ****     UART_1_Start();
 301:main.c        **** 
 302:main.c        ****     motor_start();              // motor start
 303:main.c        **** 
 304:main.c        ****     motor_forward(100,2000);     // moving forward
 305:main.c        ****     motor_turn(200,50,2000);     // turn
 306:main.c        ****     motor_turn(50,200,2000);     // turn
 307:main.c        ****     motor_backward(100,2000);    // movinb backward
 308:main.c        ****        
 309:main.c        ****     motor_stop();               // motor stop
 310:main.c        ****     
 311:main.c        ****     for(;;)
 312:main.c        ****     {
 313:main.c        **** 
 314:main.c        ****     }
 315:main.c        **** }
 316:main.c        **** //*/
 317:main.c        ****     
 318:main.c        **** 
 319:main.c        **** /*//gyroscope//
 320:main.c        **** int main()
 321:main.c        **** {
 322:main.c        ****     CyGlobalIntEnable; 
 323:main.c        ****     UART_1_Start();
 324:main.c        ****   
 325:main.c        ****     I2C_Start();
 326:main.c        ****   
 327:main.c        ****     uint8 X_L_G, X_H_G, Y_L_G, Y_H_G, Z_L_G, Z_H_G;
 328:main.c        ****     int16 X_AXIS_G, Y_AXIS_G, Z_AXIS_G;
 329:main.c        ****     
 330:main.c        ****     I2C_write(GYRO_ADDR, GYRO_CTRL1_REG, 0x0F);             // set gyroscope into active mode
 331:main.c        ****     I2C_write(GYRO_ADDR, GYRO_CTRL4_REG, 0x30);             // set full scale selection to 2000dps 
 332:main.c        ****     
 333:main.c        ****     for(;;)
 334:main.c        ****     {
 335:main.c        ****         //print out gyroscope output
 336:main.c        ****         X_L_G = I2C_read(GYRO_ADDR, OUT_X_AXIS_L);
 337:main.c        ****         X_H_G = I2C_read(GYRO_ADDR, OUT_X_AXIS_H);
 338:main.c        ****         X_AXIS_G = convert_raw(X_H_G, X_L_G);
 339:main.c        ****         
 340:main.c        ****         
 341:main.c        ****         Y_L_G = I2C_read(GYRO_ADDR, OUT_Y_AXIS_L);
 342:main.c        ****         Y_H_G = I2C_read(GYRO_ADDR, OUT_Y_AXIS_H);
 343:main.c        ****         Y_AXIS_G = convert_raw(Y_H_G, Y_L_G);
 344:main.c        ****         
ARM GAS  C:\Users\asd\AppData\Local\Temp\ccOhEINX.s 			page 10


 345:main.c        ****         
 346:main.c        ****         Z_L_G = I2C_read(GYRO_ADDR, OUT_Z_AXIS_L);
 347:main.c        ****         Z_H_G = I2C_read(GYRO_ADDR, OUT_Z_AXIS_H);
 348:main.c        ****         Z_AXIS_G = convert_raw(Z_H_G, Z_L_G);
 349:main.c        ****      
 350:main.c        ****         // If you want to print value
 351:main.c        ****         printf("%d %d %d \r\n", X_AXIS_G, Y_AXIS_G, Z_AXIS_G);
 352:main.c        ****         CyDelay(50);
 353:main.c        ****     }
 354:main.c        **** }   
 355:main.c        **** //*/
 356:main.c        **** 
 357:main.c        **** 
 358:main.c        **** /*//magnetometer//
 359:main.c        **** int main()
 360:main.c        **** {
 361:main.c        ****     CyGlobalIntEnable; 
 362:main.c        ****     UART_1_Start();
 363:main.c        ****   
 364:main.c        ****     I2C_Start();
 365:main.c        ****    
 366:main.c        ****     uint8 X_L_M, X_H_M, Y_L_M, Y_H_M, Z_L_M, Z_H_M;
 367:main.c        ****     int16 X_AXIS, Y_AXIS, Z_AXIS;
 368:main.c        ****     
 369:main.c        ****     I2C_write(GYRO_ADDR, GYRO_CTRL1_REG, 0x0F);             // set gyroscope into active mode
 370:main.c        ****     I2C_write(GYRO_ADDR, GYRO_CTRL4_REG, 0x30);             // set full scale selection to 2000dps
 371:main.c        ****     I2C_write(ACCEL_MAG_ADDR, ACCEL_CTRL1_REG, 0x37);           // set accelerometer & magnetometer
 372:main.c        ****     I2C_write(ACCEL_MAG_ADDR, ACCEL_CTRL7_REG, 0x22);
 373:main.c        ****     
 374:main.c        ****     
 375:main.c        ****     for(;;)
 376:main.c        ****     {
 377:main.c        ****         X_L_M = I2C_read(ACCEL_MAG_ADDR, OUT_X_L_M);
 378:main.c        ****         X_H_M = I2C_read(ACCEL_MAG_ADDR, OUT_X_H_M);
 379:main.c        ****         X_AXIS = convert_raw(X_L_M, X_H_M);
 380:main.c        ****         
 381:main.c        ****         Y_L_M = I2C_read(ACCEL_MAG_ADDR, OUT_Y_L_M);
 382:main.c        ****         Y_H_M = I2C_read(ACCEL_MAG_ADDR, OUT_Y_H_M);
 383:main.c        ****         Y_AXIS = convert_raw(Y_L_M, Y_H_M);
 384:main.c        ****         
 385:main.c        ****         Z_L_M = I2C_read(ACCEL_MAG_ADDR, OUT_Z_L_M);
 386:main.c        ****         Z_H_M = I2C_read(ACCEL_MAG_ADDR, OUT_Z_H_M);
 387:main.c        ****         Z_AXIS = convert_raw(Z_L_M, Z_H_M);
 388:main.c        ****         
 389:main.c        ****         heading(X_AXIS, Y_AXIS);
 390:main.c        ****         printf("MAGNET: %d %d %d %d %d %d \r\n", X_L_M, X_H_M, Y_L_M, Y_H_M, Z_L_M, Z_H_M);
 391:main.c        ****         printf("%d %d %d \r\n", X_AXIS,Y_AXIS, Z_AXIS);
 392:main.c        ****         CyDelay(50);      
 393:main.c        ****     }
 394:main.c        **** }   
 395:main.c        **** //*/
 396:main.c        **** 
 397:main.c        **** 
 398:main.c        **** #if 0
 399:main.c        **** int rread(void)
 400:main.c        **** {
 401:main.c        ****     SC0_SetDriveMode(PIN_DM_STRONG);
ARM GAS  C:\Users\asd\AppData\Local\Temp\ccOhEINX.s 			page 11


 402:main.c        ****     SC0_Write(1);
 403:main.c        ****     CyDelayUs(10);
 404:main.c        ****     SC0_SetDriveMode(PIN_DM_DIG_HIZ);
 405:main.c        ****     Timer_1_Start();
 406:main.c        ****     uint16_t start = Timer_1_ReadCounter();
 407:main.c        ****     uint16_t end = 0;
 408:main.c        ****     while(!(Timer_1_ReadStatusRegister() & Timer_1_STATUS_TC)) {
 409:main.c        ****         if(SC0_Read() == 0 && end == 0) {
 410:main.c        ****             end = Timer_1_ReadCounter();
 411:main.c        ****         }
 412:main.c        ****     }
 413:main.c        ****     Timer_1_Stop();
 414:main.c        ****     
 415:main.c        ****     return (start - end);
 416:main.c        **** }
 417:main.c        **** #endif
 418:main.c        **** 
 419:main.c        **** /* Don't remove the functions below */
 420:main.c        **** int _write(int file, char *ptr, int len)
 421:main.c        **** {
 170              		.loc 1 421 0
 171              		.cfi_startproc
 172              		@ args = 0, pretend = 0, frame = 0
 173              		@ frame_needed = 0, uses_anonymous_args = 0
 174              	.LVL19:
 175 0000 F8B5     		push	{r3, r4, r5, r6, r7, lr}
 176              		.cfi_def_cfa_offset 24
 177              		.cfi_offset 3, -24
 178              		.cfi_offset 4, -20
 179              		.cfi_offset 5, -16
 180              		.cfi_offset 6, -12
 181              		.cfi_offset 7, -8
 182              		.cfi_offset 14, -4
 183 0002 0C46     		mov	r4, r1
 184 0004 1746     		mov	r7, r2
 185              	.LVL20:
 422:main.c        ****     (void)file; /* Parameter is not used, suppress unused argument warning */
 423:main.c        **** 	int n;
 424:main.c        **** 	for(n = 0; n < len; n++) {
 186              		.loc 1 424 0
 187 0006 0025     		movs	r5, #0
 188 0008 0BE0     		b	.L12
 189              	.LVL21:
 190              	.L14:
 425:main.c        ****         if(*ptr == '\n') UART_1_PutChar('\r');
 191              		.loc 1 425 0
 192 000a 2378     		ldrb	r3, [r4]	@ zero_extendqisi2
 193 000c 0A2B     		cmp	r3, #10
 194 000e 02D1     		bne	.L13
 195              		.loc 1 425 0 is_stmt 0 discriminator 1
 196 0010 0D20     		movs	r0, #13
 197 0012 FFF7FEFF 		bl	UART_1_PutChar
 198              	.LVL22:
 199              	.L13:
 426:main.c        **** 		UART_1_PutChar(*ptr++);
 200              		.loc 1 426 0 is_stmt 1 discriminator 2
 201 0016 661C     		adds	r6, r4, #1
ARM GAS  C:\Users\asd\AppData\Local\Temp\ccOhEINX.s 			page 12


 202              	.LVL23:
 203 0018 2078     		ldrb	r0, [r4]	@ zero_extendqisi2
 204 001a FFF7FEFF 		bl	UART_1_PutChar
 205              	.LVL24:
 424:main.c        ****         if(*ptr == '\n') UART_1_PutChar('\r');
 206              		.loc 1 424 0 discriminator 2
 207 001e 0135     		adds	r5, r5, #1
 208              	.LVL25:
 209              		.loc 1 426 0 discriminator 2
 210 0020 3446     		mov	r4, r6
 211              	.LVL26:
 212              	.L12:
 424:main.c        ****         if(*ptr == '\n') UART_1_PutChar('\r');
 213              		.loc 1 424 0 discriminator 1
 214 0022 BD42     		cmp	r5, r7
 215 0024 F1DB     		blt	.L14
 427:main.c        **** 	}
 428:main.c        **** 	return len;
 429:main.c        **** }
 216              		.loc 1 429 0
 217 0026 3846     		mov	r0, r7
 218 0028 F8BD     		pop	{r3, r4, r5, r6, r7, pc}
 219              		.cfi_endproc
 220              	.LFE65:
 221              		.size	_write, .-_write
 222 002a 00BF     		.section	.text._read,"ax",%progbits
 223              		.align	2
 224              		.global	_read
 225              		.thumb
 226              		.thumb_func
 227              		.type	_read, %function
 228              	_read:
 229              	.LFB66:
 430:main.c        **** 
 431:main.c        **** int _read (int file, char *ptr, int count)
 432:main.c        **** {
 230              		.loc 1 432 0
 231              		.cfi_startproc
 232              		@ args = 0, pretend = 0, frame = 0
 233              		@ frame_needed = 0, uses_anonymous_args = 0
 234              	.LVL27:
 235 0000 F8B5     		push	{r3, r4, r5, r6, r7, lr}
 236              		.cfi_def_cfa_offset 24
 237              		.cfi_offset 3, -24
 238              		.cfi_offset 4, -20
 239              		.cfi_offset 5, -16
 240              		.cfi_offset 6, -12
 241              		.cfi_offset 7, -8
 242              		.cfi_offset 14, -4
 243 0002 0F46     		mov	r7, r1
 244 0004 1446     		mov	r4, r2
 245              	.LVL28:
 433:main.c        ****     int chs = 0;
 246              		.loc 1 433 0
 247 0006 0026     		movs	r6, #0
 434:main.c        ****     char ch;
 435:main.c        ****  
ARM GAS  C:\Users\asd\AppData\Local\Temp\ccOhEINX.s 			page 13


 436:main.c        ****     (void)file; /* Parameter is not used, suppress unused argument warning */
 437:main.c        ****     while(count > 0) {
 248              		.loc 1 437 0
 249 0008 12E0     		b	.L18
 250              	.LVL29:
 251              	.L21:
 438:main.c        ****         ch = UART_1_GetChar();
 252              		.loc 1 438 0
 253 000a FFF7FEFF 		bl	UART_1_GetChar
 254              	.LVL30:
 439:main.c        ****         if(ch != 0) {
 255              		.loc 1 439 0
 256 000e 0546     		mov	r5, r0
 257 0010 70B1     		cbz	r0, .L18
 440:main.c        ****             UART_1_PutChar(ch);
 258              		.loc 1 440 0
 259 0012 FFF7FEFF 		bl	UART_1_PutChar
 260              	.LVL31:
 441:main.c        ****             chs++;
 261              		.loc 1 441 0
 262 0016 0136     		adds	r6, r6, #1
 263              	.LVL32:
 442:main.c        ****             if(ch == '\r') {
 264              		.loc 1 442 0
 265 0018 0D2D     		cmp	r5, #13
 266 001a 03D1     		bne	.L19
 267              	.LVL33:
 443:main.c        ****                 ch = '\n';
 444:main.c        ****                 UART_1_PutChar(ch);
 268              		.loc 1 444 0
 269 001c 0A20     		movs	r0, #10
 270 001e FFF7FEFF 		bl	UART_1_PutChar
 271              	.LVL34:
 443:main.c        ****                 ch = '\n';
 272              		.loc 1 443 0
 273 0022 0A25     		movs	r5, #10
 274              	.LVL35:
 275              	.L19:
 445:main.c        ****             }
 446:main.c        ****             *ptr++ = ch;
 276              		.loc 1 446 0
 277 0024 7B1C     		adds	r3, r7, #1
 278              	.LVL36:
 279 0026 3D70     		strb	r5, [r7]
 447:main.c        ****             count--;
 280              		.loc 1 447 0
 281 0028 013C     		subs	r4, r4, #1
 282              	.LVL37:
 448:main.c        ****             if(ch == '\n') break;
 283              		.loc 1 448 0
 284 002a 0A2D     		cmp	r5, #10
 285 002c 02D0     		beq	.L20
 446:main.c        ****             count--;
 286              		.loc 1 446 0
 287 002e 1F46     		mov	r7, r3
 288              	.LVL38:
 289              	.L18:
ARM GAS  C:\Users\asd\AppData\Local\Temp\ccOhEINX.s 			page 14


 437:main.c        ****         ch = UART_1_GetChar();
 290              		.loc 1 437 0
 291 0030 002C     		cmp	r4, #0
 292 0032 EADC     		bgt	.L21
 293              	.LVL39:
 294              	.L20:
 449:main.c        ****         }
 450:main.c        ****     }
 451:main.c        ****     return chs;
 452:main.c        **** }
 295              		.loc 1 452 0
 296 0034 3046     		mov	r0, r6
 297 0036 F8BD     		pop	{r3, r4, r5, r6, r7, pc}
 298              		.cfi_endproc
 299              	.LFE66:
 300              		.size	_read, .-_read
 301              		.text
 302              	.Letext0:
 303              		.file 2 "j:\\psoc\\psoc creator\\4.1\\psoc creator\\import\\gnu\\arm\\5.4.1\\arm-none-eabi\\includ
 304              		.file 3 "j:\\psoc\\psoc creator\\4.1\\psoc creator\\import\\gnu\\arm\\5.4.1\\arm-none-eabi\\includ
 305              		.file 4 ".\\ZumoLibrary/Reflectance.h"
 306              		.file 5 ".\\ZumoLibrary/IR.h"
 307              		.file 6 ".\\ZumoLibrary/Motor.h"
 308              		.file 7 "Generated_Source\\PSoC5/CyLib.h"
 309              		.file 8 "Generated_Source\\PSoC5/UART_1.h"
 310              		.file 9 "Generated_Source\\PSoC5/sensor_isr.h"
 311              		.file 10 "Generated_Source\\PSoC5/IR_led.h"
 312              		.file 11 "Generated_Source\\PSoC5/core_cm3.h"
 313              		.section	.debug_info,"",%progbits
 314              	.Ldebug_info0:
 315 0000 70040000 		.4byte	0x470
 316 0004 0400     		.2byte	0x4
 317 0006 00000000 		.4byte	.Ldebug_abbrev0
 318 000a 04       		.byte	0x4
 319 000b 01       		.uleb128 0x1
 320 000c 92000000 		.4byte	.LASF38
 321 0010 0C       		.byte	0xc
 322 0011 21020000 		.4byte	.LASF39
 323 0015 B7010000 		.4byte	.LASF40
 324 0019 00000000 		.4byte	.Ldebug_ranges0+0
 325 001d 00000000 		.4byte	0
 326 0021 00000000 		.4byte	.Ldebug_line0
 327 0025 02       		.uleb128 0x2
 328 0026 01       		.byte	0x1
 329 0027 06       		.byte	0x6
 330 0028 E3010000 		.4byte	.LASF0
 331 002c 02       		.uleb128 0x2
 332 002d 01       		.byte	0x1
 333 002e 08       		.byte	0x8
 334 002f 84000000 		.4byte	.LASF1
 335 0033 02       		.uleb128 0x2
 336 0034 02       		.byte	0x2
 337 0035 05       		.byte	0x5
 338 0036 3A020000 		.4byte	.LASF2
 339 003a 03       		.uleb128 0x3
 340 003b 61010000 		.4byte	.LASF4
 341 003f 02       		.byte	0x2
ARM GAS  C:\Users\asd\AppData\Local\Temp\ccOhEINX.s 			page 15


 342 0040 2B       		.byte	0x2b
 343 0041 45000000 		.4byte	0x45
 344 0045 02       		.uleb128 0x2
 345 0046 02       		.byte	0x2
 346 0047 07       		.byte	0x7
 347 0048 00020000 		.4byte	.LASF3
 348 004c 03       		.uleb128 0x3
 349 004d 21000000 		.4byte	.LASF5
 350 0051 02       		.byte	0x2
 351 0052 3F       		.byte	0x3f
 352 0053 57000000 		.4byte	0x57
 353 0057 02       		.uleb128 0x2
 354 0058 04       		.byte	0x4
 355 0059 05       		.byte	0x5
 356 005a 4D020000 		.4byte	.LASF6
 357 005e 02       		.uleb128 0x2
 358 005f 04       		.byte	0x4
 359 0060 07       		.byte	0x7
 360 0061 27010000 		.4byte	.LASF7
 361 0065 02       		.uleb128 0x2
 362 0066 08       		.byte	0x8
 363 0067 05       		.byte	0x5
 364 0068 13020000 		.4byte	.LASF8
 365 006c 02       		.uleb128 0x2
 366 006d 08       		.byte	0x8
 367 006e 07       		.byte	0x7
 368 006f 94010000 		.4byte	.LASF9
 369 0073 04       		.uleb128 0x4
 370 0074 04       		.byte	0x4
 371 0075 05       		.byte	0x5
 372 0076 696E7400 		.ascii	"int\000"
 373 007a 02       		.uleb128 0x2
 374 007b 04       		.byte	0x4
 375 007c 07       		.byte	0x7
 376 007d 87010000 		.4byte	.LASF10
 377 0081 03       		.uleb128 0x3
 378 0082 44020000 		.4byte	.LASF11
 379 0086 03       		.byte	0x3
 380 0087 24       		.byte	0x24
 381 0088 3A000000 		.4byte	0x3a
 382 008c 03       		.uleb128 0x3
 383 008d EF010000 		.4byte	.LASF12
 384 0091 03       		.byte	0x3
 385 0092 2C       		.byte	0x2c
 386 0093 4C000000 		.4byte	0x4c
 387 0097 02       		.uleb128 0x2
 388 0098 04       		.byte	0x4
 389 0099 04       		.byte	0x4
 390 009a 66000000 		.4byte	.LASF13
 391 009e 02       		.uleb128 0x2
 392 009f 08       		.byte	0x8
 393 00a0 04       		.byte	0x4
 394 00a1 6C010000 		.4byte	.LASF14
 395 00a5 02       		.uleb128 0x2
 396 00a6 01       		.byte	0x1
 397 00a7 08       		.byte	0x8
 398 00a8 28020000 		.4byte	.LASF15
ARM GAS  C:\Users\asd\AppData\Local\Temp\ccOhEINX.s 			page 16


 399 00ac 02       		.uleb128 0x2
 400 00ad 08       		.byte	0x8
 401 00ae 04       		.byte	0x4
 402 00af 56020000 		.4byte	.LASF16
 403 00b3 02       		.uleb128 0x2
 404 00b4 04       		.byte	0x4
 405 00b5 07       		.byte	0x7
 406 00b6 F7010000 		.4byte	.LASF17
 407 00ba 05       		.uleb128 0x5
 408 00bb 04       		.byte	0x4
 409 00bc A5000000 		.4byte	0xa5
 410 00c0 06       		.uleb128 0x6
 411 00c1 00000000 		.4byte	.LASF41
 412 00c5 08       		.byte	0x8
 413 00c6 04       		.byte	0x4
 414 00c7 11       		.byte	0x11
 415 00c8 F9000000 		.4byte	0xf9
 416 00cc 07       		.uleb128 0x7
 417 00cd 6C3300   		.ascii	"l3\000"
 418 00d0 04       		.byte	0x4
 419 00d1 12       		.byte	0x12
 420 00d2 81000000 		.4byte	0x81
 421 00d6 00       		.byte	0
 422 00d7 07       		.uleb128 0x7
 423 00d8 6C3100   		.ascii	"l1\000"
 424 00db 04       		.byte	0x4
 425 00dc 14       		.byte	0x14
 426 00dd 81000000 		.4byte	0x81
 427 00e1 02       		.byte	0x2
 428 00e2 07       		.uleb128 0x7
 429 00e3 723100   		.ascii	"r1\000"
 430 00e6 04       		.byte	0x4
 431 00e7 15       		.byte	0x15
 432 00e8 81000000 		.4byte	0x81
 433 00ec 04       		.byte	0x4
 434 00ed 07       		.uleb128 0x7
 435 00ee 723300   		.ascii	"r3\000"
 436 00f1 04       		.byte	0x4
 437 00f2 17       		.byte	0x17
 438 00f3 81000000 		.4byte	0x81
 439 00f7 06       		.byte	0x6
 440 00f8 00       		.byte	0
 441 00f9 08       		.uleb128 0x8
 442 00fa 73010000 		.4byte	.LASF19
 443 00fe 01       		.byte	0x1
 444 00ff EA       		.byte	0xea
 445 0100 73000000 		.4byte	0x73
 446 0104 00000000 		.4byte	.LFB64
 447 0108 AC000000 		.4byte	.LFE64-.LFB64
 448 010c 01       		.uleb128 0x1
 449 010d 9C       		.byte	0x9c
 450 010e BD020000 		.4byte	0x2bd
 451 0112 09       		.uleb128 0x9
 452 0113 72656600 		.ascii	"ref\000"
 453 0117 01       		.byte	0x1
 454 0118 EC       		.byte	0xec
 455 0119 C0000000 		.4byte	0xc0
ARM GAS  C:\Users\asd\AppData\Local\Temp\ccOhEINX.s 			page 17


 456 011d 02       		.uleb128 0x2
 457 011e 91       		.byte	0x91
 458 011f 70       		.sleb128 -16
 459 0120 09       		.uleb128 0x9
 460 0121 64696700 		.ascii	"dig\000"
 461 0125 01       		.byte	0x1
 462 0126 ED       		.byte	0xed
 463 0127 C0000000 		.4byte	0xc0
 464 012b 02       		.uleb128 0x2
 465 012c 91       		.byte	0x91
 466 012d 68       		.sleb128 -24
 467 012e 0A       		.uleb128 0xa
 468 012f 1A000000 		.4byte	.LBB2
 469 0133 92000000 		.4byte	.LBE2-.LBB2
 470 0137 92020000 		.4byte	0x292
 471 013b 0B       		.uleb128 0xb
 472 013c 20010000 		.4byte	.LASF18
 473 0140 01       		.byte	0x1
 474 0141 FC       		.byte	0xfc
 475 0142 73000000 		.4byte	0x73
 476 0146 00000000 		.4byte	.LLST0
 477 014a 0C       		.uleb128 0xc
 478 014b 1E000000 		.4byte	.LVL4
 479 014f D9030000 		.4byte	0x3d9
 480 0153 0C       		.uleb128 0xc
 481 0154 26000000 		.4byte	.LVL5
 482 0158 E4030000 		.4byte	0x3e4
 483 015c 0D       		.uleb128 0xd
 484 015d 2C000000 		.4byte	.LVL6
 485 0161 EF030000 		.4byte	0x3ef
 486 0165 70010000 		.4byte	0x170
 487 0169 0E       		.uleb128 0xe
 488 016a 01       		.uleb128 0x1
 489 016b 50       		.byte	0x50
 490 016c 02       		.uleb128 0x2
 491 016d 91       		.byte	0x91
 492 016e 70       		.sleb128 -16
 493 016f 00       		.byte	0
 494 0170 0D       		.uleb128 0xd
 495 0171 32000000 		.4byte	.LVL7
 496 0175 FA030000 		.4byte	0x3fa
 497 0179 84010000 		.4byte	0x184
 498 017d 0E       		.uleb128 0xe
 499 017e 01       		.uleb128 0x1
 500 017f 50       		.byte	0x50
 501 0180 02       		.uleb128 0x2
 502 0181 7D       		.byte	0x7d
 503 0182 00       		.sleb128 0
 504 0183 00       		.byte	0
 505 0184 0D       		.uleb128 0xd
 506 0185 46000000 		.4byte	.LVL8
 507 0189 05040000 		.4byte	0x405
 508 018d 9E010000 		.4byte	0x19e
 509 0191 0E       		.uleb128 0xe
 510 0192 01       		.uleb128 0x1
 511 0193 50       		.byte	0x50
 512 0194 02       		.uleb128 0x2
ARM GAS  C:\Users\asd\AppData\Local\Temp\ccOhEINX.s 			page 18


 513 0195 08       		.byte	0x8
 514 0196 78       		.byte	0x78
 515 0197 0E       		.uleb128 0xe
 516 0198 01       		.uleb128 0x1
 517 0199 51       		.byte	0x51
 518 019a 02       		.uleb128 0x2
 519 019b 08       		.byte	0x8
 520 019c 32       		.byte	0x32
 521 019d 00       		.byte	0
 522 019e 0D       		.uleb128 0xd
 523 019f 4C000000 		.4byte	.LVL9
 524 01a3 10040000 		.4byte	0x410
 525 01a7 B2010000 		.4byte	0x1b2
 526 01ab 0E       		.uleb128 0xe
 527 01ac 01       		.uleb128 0x1
 528 01ad 50       		.byte	0x50
 529 01ae 02       		.uleb128 0x2
 530 01af 08       		.byte	0x8
 531 01b0 32       		.byte	0x32
 532 01b1 00       		.byte	0
 533 01b2 0D       		.uleb128 0xd
 534 01b3 5C000000 		.4byte	.LVL10
 535 01b7 05040000 		.4byte	0x405
 536 01bb CA010000 		.4byte	0x1ca
 537 01bf 0E       		.uleb128 0xe
 538 01c0 01       		.uleb128 0x1
 539 01c1 50       		.byte	0x50
 540 01c2 01       		.uleb128 0x1
 541 01c3 31       		.byte	0x31
 542 01c4 0E       		.uleb128 0xe
 543 01c5 01       		.uleb128 0x1
 544 01c6 51       		.byte	0x51
 545 01c7 01       		.uleb128 0x1
 546 01c8 31       		.byte	0x31
 547 01c9 00       		.byte	0
 548 01ca 0D       		.uleb128 0xd
 549 01cb 66000000 		.4byte	.LVL11
 550 01cf 1B040000 		.4byte	0x41b
 551 01d3 E9010000 		.4byte	0x1e9
 552 01d7 0E       		.uleb128 0xe
 553 01d8 01       		.uleb128 0x1
 554 01d9 50       		.byte	0x50
 555 01da 01       		.uleb128 0x1
 556 01db 30       		.byte	0x30
 557 01dc 0E       		.uleb128 0xe
 558 01dd 01       		.uleb128 0x1
 559 01de 51       		.byte	0x51
 560 01df 02       		.uleb128 0x2
 561 01e0 09       		.byte	0x9
 562 01e1 8C       		.byte	0x8c
 563 01e2 0E       		.uleb128 0xe
 564 01e3 01       		.uleb128 0x1
 565 01e4 52       		.byte	0x52
 566 01e5 02       		.uleb128 0x2
 567 01e6 08       		.byte	0x8
 568 01e7 32       		.byte	0x32
 569 01e8 00       		.byte	0
ARM GAS  C:\Users\asd\AppData\Local\Temp\ccOhEINX.s 			page 19


 570 01e9 0D       		.uleb128 0xd
 571 01ea 6C000000 		.4byte	.LVL12
 572 01ee 10040000 		.4byte	0x410
 573 01f2 FD010000 		.4byte	0x1fd
 574 01f6 0E       		.uleb128 0xe
 575 01f7 01       		.uleb128 0x1
 576 01f8 50       		.byte	0x50
 577 01f9 02       		.uleb128 0x2
 578 01fa 08       		.byte	0x8
 579 01fb 32       		.byte	0x32
 580 01fc 00       		.byte	0
 581 01fd 0D       		.uleb128 0xd
 582 01fe 7C000000 		.4byte	.LVL13
 583 0202 05040000 		.4byte	0x405
 584 0206 15020000 		.4byte	0x215
 585 020a 0E       		.uleb128 0xe
 586 020b 01       		.uleb128 0x1
 587 020c 50       		.byte	0x50
 588 020d 01       		.uleb128 0x1
 589 020e 31       		.byte	0x31
 590 020f 0E       		.uleb128 0xe
 591 0210 01       		.uleb128 0x1
 592 0211 51       		.byte	0x51
 593 0212 01       		.uleb128 0x1
 594 0213 31       		.byte	0x31
 595 0214 00       		.byte	0
 596 0215 0D       		.uleb128 0xd
 597 0216 86000000 		.4byte	.LVL14
 598 021a 1B040000 		.4byte	0x41b
 599 021e 34020000 		.4byte	0x234
 600 0222 0E       		.uleb128 0xe
 601 0223 01       		.uleb128 0x1
 602 0224 50       		.byte	0x50
 603 0225 02       		.uleb128 0x2
 604 0226 09       		.byte	0x9
 605 0227 8C       		.byte	0x8c
 606 0228 0E       		.uleb128 0xe
 607 0229 01       		.uleb128 0x1
 608 022a 51       		.byte	0x51
 609 022b 01       		.uleb128 0x1
 610 022c 30       		.byte	0x30
 611 022d 0E       		.uleb128 0xe
 612 022e 01       		.uleb128 0x1
 613 022f 52       		.byte	0x52
 614 0230 02       		.uleb128 0x2
 615 0231 08       		.byte	0x8
 616 0232 32       		.byte	0x32
 617 0233 00       		.byte	0
 618 0234 0D       		.uleb128 0xd
 619 0235 8C000000 		.4byte	.LVL15
 620 0239 10040000 		.4byte	0x410
 621 023d 48020000 		.4byte	0x248
 622 0241 0E       		.uleb128 0xe
 623 0242 01       		.uleb128 0x1
 624 0243 50       		.byte	0x50
 625 0244 02       		.uleb128 0x2
 626 0245 08       		.byte	0x8
ARM GAS  C:\Users\asd\AppData\Local\Temp\ccOhEINX.s 			page 20


 627 0246 32       		.byte	0x32
 628 0247 00       		.byte	0
 629 0248 0D       		.uleb128 0xd
 630 0249 96000000 		.4byte	.LVL16
 631 024d 26040000 		.4byte	0x426
 632 0251 62020000 		.4byte	0x262
 633 0255 0E       		.uleb128 0xe
 634 0256 01       		.uleb128 0x1
 635 0257 50       		.byte	0x50
 636 0258 02       		.uleb128 0x2
 637 0259 08       		.byte	0x8
 638 025a 64       		.byte	0x64
 639 025b 0E       		.uleb128 0xe
 640 025c 01       		.uleb128 0x1
 641 025d 51       		.byte	0x51
 642 025e 02       		.uleb128 0x2
 643 025f 08       		.byte	0x8
 644 0260 32       		.byte	0x32
 645 0261 00       		.byte	0
 646 0262 0D       		.uleb128 0xd
 647 0263 A0000000 		.4byte	.LVL17
 648 0267 1B040000 		.4byte	0x41b
 649 026b 81020000 		.4byte	0x281
 650 026f 0E       		.uleb128 0xe
 651 0270 01       		.uleb128 0x1
 652 0271 50       		.byte	0x50
 653 0272 02       		.uleb128 0x2
 654 0273 09       		.byte	0x9
 655 0274 96       		.byte	0x96
 656 0275 0E       		.uleb128 0xe
 657 0276 01       		.uleb128 0x1
 658 0277 51       		.byte	0x51
 659 0278 01       		.uleb128 0x1
 660 0279 30       		.byte	0x30
 661 027a 0E       		.uleb128 0xe
 662 027b 01       		.uleb128 0x1
 663 027c 52       		.byte	0x52
 664 027d 02       		.uleb128 0x2
 665 027e 08       		.byte	0x8
 666 027f 64       		.byte	0x64
 667 0280 00       		.byte	0
 668 0281 0F       		.uleb128 0xf
 669 0282 A6000000 		.4byte	.LVL18
 670 0286 10040000 		.4byte	0x410
 671 028a 0E       		.uleb128 0xe
 672 028b 01       		.uleb128 0x1
 673 028c 50       		.byte	0x50
 674 028d 02       		.uleb128 0x2
 675 028e 08       		.byte	0x8
 676 028f 64       		.byte	0x64
 677 0290 00       		.byte	0
 678 0291 00       		.byte	0
 679 0292 0C       		.uleb128 0xc
 680 0293 0A000000 		.4byte	.LVL0
 681 0297 31040000 		.4byte	0x431
 682 029b 0C       		.uleb128 0xc
 683 029c 10000000 		.4byte	.LVL1
ARM GAS  C:\Users\asd\AppData\Local\Temp\ccOhEINX.s 			page 21


 684 02a0 3C040000 		.4byte	0x43c
 685 02a4 0C       		.uleb128 0xc
 686 02a5 14000000 		.4byte	.LVL2
 687 02a9 47040000 		.4byte	0x447
 688 02ad 0F       		.uleb128 0xf
 689 02ae 1A000000 		.4byte	.LVL3
 690 02b2 52040000 		.4byte	0x452
 691 02b6 0E       		.uleb128 0xe
 692 02b7 01       		.uleb128 0x1
 693 02b8 50       		.byte	0x50
 694 02b9 01       		.uleb128 0x1
 695 02ba 31       		.byte	0x31
 696 02bb 00       		.byte	0
 697 02bc 00       		.byte	0
 698 02bd 10       		.uleb128 0x10
 699 02be 2D020000 		.4byte	.LASF20
 700 02c2 01       		.byte	0x1
 701 02c3 A401     		.2byte	0x1a4
 702 02c5 73000000 		.4byte	0x73
 703 02c9 00000000 		.4byte	.LFB65
 704 02cd 2A000000 		.4byte	.LFE65-.LFB65
 705 02d1 01       		.uleb128 0x1
 706 02d2 9C       		.byte	0x9c
 707 02d3 32030000 		.4byte	0x332
 708 02d7 11       		.uleb128 0x11
 709 02d8 6C000000 		.4byte	.LASF21
 710 02dc 01       		.byte	0x1
 711 02dd A401     		.2byte	0x1a4
 712 02df 73000000 		.4byte	0x73
 713 02e3 13000000 		.4byte	.LLST1
 714 02e7 12       		.uleb128 0x12
 715 02e8 70747200 		.ascii	"ptr\000"
 716 02ec 01       		.byte	0x1
 717 02ed A401     		.2byte	0x1a4
 718 02ef BA000000 		.4byte	0xba
 719 02f3 34000000 		.4byte	.LLST2
 720 02f7 12       		.uleb128 0x12
 721 02f8 6C656E00 		.ascii	"len\000"
 722 02fc 01       		.byte	0x1
 723 02fd A401     		.2byte	0x1a4
 724 02ff 73000000 		.4byte	0x73
 725 0303 68000000 		.4byte	.LLST3
 726 0307 13       		.uleb128 0x13
 727 0308 6E00     		.ascii	"n\000"
 728 030a 01       		.byte	0x1
 729 030b A701     		.2byte	0x1a7
 730 030d 73000000 		.4byte	0x73
 731 0311 86000000 		.4byte	.LLST4
 732 0315 0D       		.uleb128 0xd
 733 0316 16000000 		.4byte	.LVL22
 734 031a 5D040000 		.4byte	0x45d
 735 031e 28030000 		.4byte	0x328
 736 0322 0E       		.uleb128 0xe
 737 0323 01       		.uleb128 0x1
 738 0324 50       		.byte	0x50
 739 0325 01       		.uleb128 0x1
 740 0326 3D       		.byte	0x3d
ARM GAS  C:\Users\asd\AppData\Local\Temp\ccOhEINX.s 			page 22


 741 0327 00       		.byte	0
 742 0328 0C       		.uleb128 0xc
 743 0329 1E000000 		.4byte	.LVL24
 744 032d 5D040000 		.4byte	0x45d
 745 0331 00       		.byte	0
 746 0332 10       		.uleb128 0x10
 747 0333 60000000 		.4byte	.LASF22
 748 0337 01       		.byte	0x1
 749 0338 AF01     		.2byte	0x1af
 750 033a 73000000 		.4byte	0x73
 751 033e 00000000 		.4byte	.LFB66
 752 0342 38000000 		.4byte	.LFE66-.LFB66
 753 0346 01       		.uleb128 0x1
 754 0347 9C       		.byte	0x9c
 755 0348 C8030000 		.4byte	0x3c8
 756 034c 11       		.uleb128 0x11
 757 034d 6C000000 		.4byte	.LASF21
 758 0351 01       		.byte	0x1
 759 0352 AF01     		.2byte	0x1af
 760 0354 73000000 		.4byte	0x73
 761 0358 A5000000 		.4byte	.LLST5
 762 035c 12       		.uleb128 0x12
 763 035d 70747200 		.ascii	"ptr\000"
 764 0361 01       		.byte	0x1
 765 0362 AF01     		.2byte	0x1af
 766 0364 BA000000 		.4byte	0xba
 767 0368 C6000000 		.4byte	.LLST6
 768 036c 11       		.uleb128 0x11
 769 036d 34020000 		.4byte	.LASF23
 770 0371 01       		.byte	0x1
 771 0372 AF01     		.2byte	0x1af
 772 0374 73000000 		.4byte	0x73
 773 0378 FA000000 		.4byte	.LLST7
 774 037c 13       		.uleb128 0x13
 775 037d 63687300 		.ascii	"chs\000"
 776 0381 01       		.byte	0x1
 777 0382 B101     		.2byte	0x1b1
 778 0384 73000000 		.4byte	0x73
 779 0388 18010000 		.4byte	.LLST8
 780 038c 13       		.uleb128 0x13
 781 038d 636800   		.ascii	"ch\000"
 782 0390 01       		.byte	0x1
 783 0391 B201     		.2byte	0x1b2
 784 0393 A5000000 		.4byte	0xa5
 785 0397 37010000 		.4byte	.LLST9
 786 039b 0C       		.uleb128 0xc
 787 039c 0E000000 		.4byte	.LVL30
 788 03a0 68040000 		.4byte	0x468
 789 03a4 0D       		.uleb128 0xd
 790 03a5 16000000 		.4byte	.LVL31
 791 03a9 5D040000 		.4byte	0x45d
 792 03ad B8030000 		.4byte	0x3b8
 793 03b1 0E       		.uleb128 0xe
 794 03b2 01       		.uleb128 0x1
 795 03b3 50       		.byte	0x50
 796 03b4 02       		.uleb128 0x2
 797 03b5 75       		.byte	0x75
ARM GAS  C:\Users\asd\AppData\Local\Temp\ccOhEINX.s 			page 23


 798 03b6 00       		.sleb128 0
 799 03b7 00       		.byte	0
 800 03b8 0F       		.uleb128 0xf
 801 03b9 22000000 		.4byte	.LVL34
 802 03bd 5D040000 		.4byte	0x45d
 803 03c1 0E       		.uleb128 0xe
 804 03c2 01       		.uleb128 0x1
 805 03c3 50       		.byte	0x50
 806 03c4 01       		.uleb128 0x1
 807 03c5 3A       		.byte	0x3a
 808 03c6 00       		.byte	0
 809 03c7 00       		.byte	0
 810 03c8 14       		.uleb128 0x14
 811 03c9 39010000 		.4byte	.LASF42
 812 03cd 0B       		.byte	0xb
 813 03ce 9606     		.2byte	0x696
 814 03d0 D4030000 		.4byte	0x3d4
 815 03d4 15       		.uleb128 0x15
 816 03d5 8C000000 		.4byte	0x8c
 817 03d9 16       		.uleb128 0x16
 818 03da 1A000000 		.4byte	.LASF24
 819 03de 1A000000 		.4byte	.LASF24
 820 03e2 05       		.byte	0x5
 821 03e3 10       		.byte	0x10
 822 03e4 16       		.uleb128 0x16
 823 03e5 AB010000 		.4byte	.LASF25
 824 03e9 AB010000 		.4byte	.LASF25
 825 03ed 06       		.byte	0x6
 826 03ee 0B       		.byte	0xb
 827 03ef 16       		.uleb128 0x16
 828 03f0 09000000 		.4byte	.LASF26
 829 03f4 09000000 		.4byte	.LASF26
 830 03f8 04       		.byte	0x4
 831 03f9 1B       		.byte	0x1b
 832 03fa 16       		.uleb128 0x16
 833 03fb 3A000000 		.4byte	.LASF27
 834 03ff 3A000000 		.4byte	.LASF27
 835 0403 04       		.byte	0x4
 836 0404 1C       		.byte	0x1c
 837 0405 16       		.uleb128 0x16
 838 0406 46010000 		.4byte	.LASF28
 839 040a 46010000 		.4byte	.LASF28
 840 040e 06       		.byte	0x6
 841 040f 0F       		.byte	0xf
 842 0410 16       		.uleb128 0x16
 843 0411 6D020000 		.4byte	.LASF29
 844 0415 6D020000 		.4byte	.LASF29
 845 0419 07       		.byte	0x7
 846 041a 76       		.byte	0x76
 847 041b 16       		.uleb128 0x16
 848 041c 62020000 		.4byte	.LASF30
 849 0420 62020000 		.4byte	.LASF30
 850 0424 06       		.byte	0x6
 851 0425 12       		.byte	0x12
 852 0426 16       		.uleb128 0x16
 853 0427 2B000000 		.4byte	.LASF31
 854 042b 2B000000 		.4byte	.LASF31
ARM GAS  C:\Users\asd\AppData\Local\Temp\ccOhEINX.s 			page 24


 855 042f 06       		.byte	0x6
 856 0430 15       		.byte	0x15
 857 0431 16       		.uleb128 0x16
 858 0432 84020000 		.4byte	.LASF32
 859 0436 84020000 		.4byte	.LASF32
 860 043a 08       		.byte	0x8
 861 043b 54       		.byte	0x54
 862 043c 16       		.uleb128 0x16
 863 043d 71000000 		.4byte	.LASF33
 864 0441 71000000 		.4byte	.LASF33
 865 0445 09       		.byte	0x9
 866 0446 18       		.byte	0x18
 867 0447 16       		.uleb128 0x16
 868 0448 4E000000 		.4byte	.LASF34
 869 044c 4E000000 		.4byte	.LASF34
 870 0450 04       		.byte	0x4
 871 0451 1A       		.byte	0x1a
 872 0452 16       		.uleb128 0x16
 873 0453 54010000 		.4byte	.LASF35
 874 0457 54010000 		.4byte	.LASF35
 875 045b 0A       		.byte	0xa
 876 045c 26       		.byte	0x26
 877 045d 16       		.uleb128 0x16
 878 045e 78010000 		.4byte	.LASF36
 879 0462 78010000 		.4byte	.LASF36
 880 0466 08       		.byte	0x8
 881 0467 8A       		.byte	0x8a
 882 0468 16       		.uleb128 0x16
 883 0469 75020000 		.4byte	.LASF37
 884 046d 75020000 		.4byte	.LASF37
 885 0471 08       		.byte	0x8
 886 0472 71       		.byte	0x71
 887 0473 00       		.byte	0
 888              		.section	.debug_abbrev,"",%progbits
 889              	.Ldebug_abbrev0:
 890 0000 01       		.uleb128 0x1
 891 0001 11       		.uleb128 0x11
 892 0002 01       		.byte	0x1
 893 0003 25       		.uleb128 0x25
 894 0004 0E       		.uleb128 0xe
 895 0005 13       		.uleb128 0x13
 896 0006 0B       		.uleb128 0xb
 897 0007 03       		.uleb128 0x3
 898 0008 0E       		.uleb128 0xe
 899 0009 1B       		.uleb128 0x1b
 900 000a 0E       		.uleb128 0xe
 901 000b 55       		.uleb128 0x55
 902 000c 17       		.uleb128 0x17
 903 000d 11       		.uleb128 0x11
 904 000e 01       		.uleb128 0x1
 905 000f 10       		.uleb128 0x10
 906 0010 17       		.uleb128 0x17
 907 0011 00       		.byte	0
 908 0012 00       		.byte	0
 909 0013 02       		.uleb128 0x2
 910 0014 24       		.uleb128 0x24
 911 0015 00       		.byte	0
ARM GAS  C:\Users\asd\AppData\Local\Temp\ccOhEINX.s 			page 25


 912 0016 0B       		.uleb128 0xb
 913 0017 0B       		.uleb128 0xb
 914 0018 3E       		.uleb128 0x3e
 915 0019 0B       		.uleb128 0xb
 916 001a 03       		.uleb128 0x3
 917 001b 0E       		.uleb128 0xe
 918 001c 00       		.byte	0
 919 001d 00       		.byte	0
 920 001e 03       		.uleb128 0x3
 921 001f 16       		.uleb128 0x16
 922 0020 00       		.byte	0
 923 0021 03       		.uleb128 0x3
 924 0022 0E       		.uleb128 0xe
 925 0023 3A       		.uleb128 0x3a
 926 0024 0B       		.uleb128 0xb
 927 0025 3B       		.uleb128 0x3b
 928 0026 0B       		.uleb128 0xb
 929 0027 49       		.uleb128 0x49
 930 0028 13       		.uleb128 0x13
 931 0029 00       		.byte	0
 932 002a 00       		.byte	0
 933 002b 04       		.uleb128 0x4
 934 002c 24       		.uleb128 0x24
 935 002d 00       		.byte	0
 936 002e 0B       		.uleb128 0xb
 937 002f 0B       		.uleb128 0xb
 938 0030 3E       		.uleb128 0x3e
 939 0031 0B       		.uleb128 0xb
 940 0032 03       		.uleb128 0x3
 941 0033 08       		.uleb128 0x8
 942 0034 00       		.byte	0
 943 0035 00       		.byte	0
 944 0036 05       		.uleb128 0x5
 945 0037 0F       		.uleb128 0xf
 946 0038 00       		.byte	0
 947 0039 0B       		.uleb128 0xb
 948 003a 0B       		.uleb128 0xb
 949 003b 49       		.uleb128 0x49
 950 003c 13       		.uleb128 0x13
 951 003d 00       		.byte	0
 952 003e 00       		.byte	0
 953 003f 06       		.uleb128 0x6
 954 0040 13       		.uleb128 0x13
 955 0041 01       		.byte	0x1
 956 0042 03       		.uleb128 0x3
 957 0043 0E       		.uleb128 0xe
 958 0044 0B       		.uleb128 0xb
 959 0045 0B       		.uleb128 0xb
 960 0046 3A       		.uleb128 0x3a
 961 0047 0B       		.uleb128 0xb
 962 0048 3B       		.uleb128 0x3b
 963 0049 0B       		.uleb128 0xb
 964 004a 01       		.uleb128 0x1
 965 004b 13       		.uleb128 0x13
 966 004c 00       		.byte	0
 967 004d 00       		.byte	0
 968 004e 07       		.uleb128 0x7
ARM GAS  C:\Users\asd\AppData\Local\Temp\ccOhEINX.s 			page 26


 969 004f 0D       		.uleb128 0xd
 970 0050 00       		.byte	0
 971 0051 03       		.uleb128 0x3
 972 0052 08       		.uleb128 0x8
 973 0053 3A       		.uleb128 0x3a
 974 0054 0B       		.uleb128 0xb
 975 0055 3B       		.uleb128 0x3b
 976 0056 0B       		.uleb128 0xb
 977 0057 49       		.uleb128 0x49
 978 0058 13       		.uleb128 0x13
 979 0059 38       		.uleb128 0x38
 980 005a 0B       		.uleb128 0xb
 981 005b 00       		.byte	0
 982 005c 00       		.byte	0
 983 005d 08       		.uleb128 0x8
 984 005e 2E       		.uleb128 0x2e
 985 005f 01       		.byte	0x1
 986 0060 3F       		.uleb128 0x3f
 987 0061 19       		.uleb128 0x19
 988 0062 03       		.uleb128 0x3
 989 0063 0E       		.uleb128 0xe
 990 0064 3A       		.uleb128 0x3a
 991 0065 0B       		.uleb128 0xb
 992 0066 3B       		.uleb128 0x3b
 993 0067 0B       		.uleb128 0xb
 994 0068 49       		.uleb128 0x49
 995 0069 13       		.uleb128 0x13
 996 006a 8701     		.uleb128 0x87
 997 006c 19       		.uleb128 0x19
 998 006d 11       		.uleb128 0x11
 999 006e 01       		.uleb128 0x1
 1000 006f 12       		.uleb128 0x12
 1001 0070 06       		.uleb128 0x6
 1002 0071 40       		.uleb128 0x40
 1003 0072 18       		.uleb128 0x18
 1004 0073 9742     		.uleb128 0x2117
 1005 0075 19       		.uleb128 0x19
 1006 0076 01       		.uleb128 0x1
 1007 0077 13       		.uleb128 0x13
 1008 0078 00       		.byte	0
 1009 0079 00       		.byte	0
 1010 007a 09       		.uleb128 0x9
 1011 007b 34       		.uleb128 0x34
 1012 007c 00       		.byte	0
 1013 007d 03       		.uleb128 0x3
 1014 007e 08       		.uleb128 0x8
 1015 007f 3A       		.uleb128 0x3a
 1016 0080 0B       		.uleb128 0xb
 1017 0081 3B       		.uleb128 0x3b
 1018 0082 0B       		.uleb128 0xb
 1019 0083 49       		.uleb128 0x49
 1020 0084 13       		.uleb128 0x13
 1021 0085 02       		.uleb128 0x2
 1022 0086 18       		.uleb128 0x18
 1023 0087 00       		.byte	0
 1024 0088 00       		.byte	0
 1025 0089 0A       		.uleb128 0xa
ARM GAS  C:\Users\asd\AppData\Local\Temp\ccOhEINX.s 			page 27


 1026 008a 0B       		.uleb128 0xb
 1027 008b 01       		.byte	0x1
 1028 008c 11       		.uleb128 0x11
 1029 008d 01       		.uleb128 0x1
 1030 008e 12       		.uleb128 0x12
 1031 008f 06       		.uleb128 0x6
 1032 0090 01       		.uleb128 0x1
 1033 0091 13       		.uleb128 0x13
 1034 0092 00       		.byte	0
 1035 0093 00       		.byte	0
 1036 0094 0B       		.uleb128 0xb
 1037 0095 34       		.uleb128 0x34
 1038 0096 00       		.byte	0
 1039 0097 03       		.uleb128 0x3
 1040 0098 0E       		.uleb128 0xe
 1041 0099 3A       		.uleb128 0x3a
 1042 009a 0B       		.uleb128 0xb
 1043 009b 3B       		.uleb128 0x3b
 1044 009c 0B       		.uleb128 0xb
 1045 009d 49       		.uleb128 0x49
 1046 009e 13       		.uleb128 0x13
 1047 009f 02       		.uleb128 0x2
 1048 00a0 17       		.uleb128 0x17
 1049 00a1 00       		.byte	0
 1050 00a2 00       		.byte	0
 1051 00a3 0C       		.uleb128 0xc
 1052 00a4 898201   		.uleb128 0x4109
 1053 00a7 00       		.byte	0
 1054 00a8 11       		.uleb128 0x11
 1055 00a9 01       		.uleb128 0x1
 1056 00aa 31       		.uleb128 0x31
 1057 00ab 13       		.uleb128 0x13
 1058 00ac 00       		.byte	0
 1059 00ad 00       		.byte	0
 1060 00ae 0D       		.uleb128 0xd
 1061 00af 898201   		.uleb128 0x4109
 1062 00b2 01       		.byte	0x1
 1063 00b3 11       		.uleb128 0x11
 1064 00b4 01       		.uleb128 0x1
 1065 00b5 31       		.uleb128 0x31
 1066 00b6 13       		.uleb128 0x13
 1067 00b7 01       		.uleb128 0x1
 1068 00b8 13       		.uleb128 0x13
 1069 00b9 00       		.byte	0
 1070 00ba 00       		.byte	0
 1071 00bb 0E       		.uleb128 0xe
 1072 00bc 8A8201   		.uleb128 0x410a
 1073 00bf 00       		.byte	0
 1074 00c0 02       		.uleb128 0x2
 1075 00c1 18       		.uleb128 0x18
 1076 00c2 9142     		.uleb128 0x2111
 1077 00c4 18       		.uleb128 0x18
 1078 00c5 00       		.byte	0
 1079 00c6 00       		.byte	0
 1080 00c7 0F       		.uleb128 0xf
 1081 00c8 898201   		.uleb128 0x4109
 1082 00cb 01       		.byte	0x1
ARM GAS  C:\Users\asd\AppData\Local\Temp\ccOhEINX.s 			page 28


 1083 00cc 11       		.uleb128 0x11
 1084 00cd 01       		.uleb128 0x1
 1085 00ce 31       		.uleb128 0x31
 1086 00cf 13       		.uleb128 0x13
 1087 00d0 00       		.byte	0
 1088 00d1 00       		.byte	0
 1089 00d2 10       		.uleb128 0x10
 1090 00d3 2E       		.uleb128 0x2e
 1091 00d4 01       		.byte	0x1
 1092 00d5 3F       		.uleb128 0x3f
 1093 00d6 19       		.uleb128 0x19
 1094 00d7 03       		.uleb128 0x3
 1095 00d8 0E       		.uleb128 0xe
 1096 00d9 3A       		.uleb128 0x3a
 1097 00da 0B       		.uleb128 0xb
 1098 00db 3B       		.uleb128 0x3b
 1099 00dc 05       		.uleb128 0x5
 1100 00dd 27       		.uleb128 0x27
 1101 00de 19       		.uleb128 0x19
 1102 00df 49       		.uleb128 0x49
 1103 00e0 13       		.uleb128 0x13
 1104 00e1 11       		.uleb128 0x11
 1105 00e2 01       		.uleb128 0x1
 1106 00e3 12       		.uleb128 0x12
 1107 00e4 06       		.uleb128 0x6
 1108 00e5 40       		.uleb128 0x40
 1109 00e6 18       		.uleb128 0x18
 1110 00e7 9742     		.uleb128 0x2117
 1111 00e9 19       		.uleb128 0x19
 1112 00ea 01       		.uleb128 0x1
 1113 00eb 13       		.uleb128 0x13
 1114 00ec 00       		.byte	0
 1115 00ed 00       		.byte	0
 1116 00ee 11       		.uleb128 0x11
 1117 00ef 05       		.uleb128 0x5
 1118 00f0 00       		.byte	0
 1119 00f1 03       		.uleb128 0x3
 1120 00f2 0E       		.uleb128 0xe
 1121 00f3 3A       		.uleb128 0x3a
 1122 00f4 0B       		.uleb128 0xb
 1123 00f5 3B       		.uleb128 0x3b
 1124 00f6 05       		.uleb128 0x5
 1125 00f7 49       		.uleb128 0x49
 1126 00f8 13       		.uleb128 0x13
 1127 00f9 02       		.uleb128 0x2
 1128 00fa 17       		.uleb128 0x17
 1129 00fb 00       		.byte	0
 1130 00fc 00       		.byte	0
 1131 00fd 12       		.uleb128 0x12
 1132 00fe 05       		.uleb128 0x5
 1133 00ff 00       		.byte	0
 1134 0100 03       		.uleb128 0x3
 1135 0101 08       		.uleb128 0x8
 1136 0102 3A       		.uleb128 0x3a
 1137 0103 0B       		.uleb128 0xb
 1138 0104 3B       		.uleb128 0x3b
 1139 0105 05       		.uleb128 0x5
ARM GAS  C:\Users\asd\AppData\Local\Temp\ccOhEINX.s 			page 29


 1140 0106 49       		.uleb128 0x49
 1141 0107 13       		.uleb128 0x13
 1142 0108 02       		.uleb128 0x2
 1143 0109 17       		.uleb128 0x17
 1144 010a 00       		.byte	0
 1145 010b 00       		.byte	0
 1146 010c 13       		.uleb128 0x13
 1147 010d 34       		.uleb128 0x34
 1148 010e 00       		.byte	0
 1149 010f 03       		.uleb128 0x3
 1150 0110 08       		.uleb128 0x8
 1151 0111 3A       		.uleb128 0x3a
 1152 0112 0B       		.uleb128 0xb
 1153 0113 3B       		.uleb128 0x3b
 1154 0114 05       		.uleb128 0x5
 1155 0115 49       		.uleb128 0x49
 1156 0116 13       		.uleb128 0x13
 1157 0117 02       		.uleb128 0x2
 1158 0118 17       		.uleb128 0x17
 1159 0119 00       		.byte	0
 1160 011a 00       		.byte	0
 1161 011b 14       		.uleb128 0x14
 1162 011c 34       		.uleb128 0x34
 1163 011d 00       		.byte	0
 1164 011e 03       		.uleb128 0x3
 1165 011f 0E       		.uleb128 0xe
 1166 0120 3A       		.uleb128 0x3a
 1167 0121 0B       		.uleb128 0xb
 1168 0122 3B       		.uleb128 0x3b
 1169 0123 05       		.uleb128 0x5
 1170 0124 49       		.uleb128 0x49
 1171 0125 13       		.uleb128 0x13
 1172 0126 3F       		.uleb128 0x3f
 1173 0127 19       		.uleb128 0x19
 1174 0128 3C       		.uleb128 0x3c
 1175 0129 19       		.uleb128 0x19
 1176 012a 00       		.byte	0
 1177 012b 00       		.byte	0
 1178 012c 15       		.uleb128 0x15
 1179 012d 35       		.uleb128 0x35
 1180 012e 00       		.byte	0
 1181 012f 49       		.uleb128 0x49
 1182 0130 13       		.uleb128 0x13
 1183 0131 00       		.byte	0
 1184 0132 00       		.byte	0
 1185 0133 16       		.uleb128 0x16
 1186 0134 2E       		.uleb128 0x2e
 1187 0135 00       		.byte	0
 1188 0136 3F       		.uleb128 0x3f
 1189 0137 19       		.uleb128 0x19
 1190 0138 3C       		.uleb128 0x3c
 1191 0139 19       		.uleb128 0x19
 1192 013a 6E       		.uleb128 0x6e
 1193 013b 0E       		.uleb128 0xe
 1194 013c 03       		.uleb128 0x3
 1195 013d 0E       		.uleb128 0xe
 1196 013e 3A       		.uleb128 0x3a
ARM GAS  C:\Users\asd\AppData\Local\Temp\ccOhEINX.s 			page 30


 1197 013f 0B       		.uleb128 0xb
 1198 0140 3B       		.uleb128 0x3b
 1199 0141 0B       		.uleb128 0xb
 1200 0142 00       		.byte	0
 1201 0143 00       		.byte	0
 1202 0144 00       		.byte	0
 1203              		.section	.debug_loc,"",%progbits
 1204              	.Ldebug_loc0:
 1205              	.LLST0:
 1206 0000 1E000000 		.4byte	.LVL4
 1207 0004 25000000 		.4byte	.LVL5-1
 1208 0008 0100     		.2byte	0x1
 1209 000a 50       		.byte	0x50
 1210 000b 00000000 		.4byte	0
 1211 000f 00000000 		.4byte	0
 1212              	.LLST1:
 1213 0013 00000000 		.4byte	.LVL19
 1214 0017 0A000000 		.4byte	.LVL21
 1215 001b 0100     		.2byte	0x1
 1216 001d 50       		.byte	0x50
 1217 001e 0A000000 		.4byte	.LVL21
 1218 0022 2A000000 		.4byte	.LFE65
 1219 0026 0400     		.2byte	0x4
 1220 0028 F3       		.byte	0xf3
 1221 0029 01       		.uleb128 0x1
 1222 002a 50       		.byte	0x50
 1223 002b 9F       		.byte	0x9f
 1224 002c 00000000 		.4byte	0
 1225 0030 00000000 		.4byte	0
 1226              	.LLST2:
 1227 0034 00000000 		.4byte	.LVL19
 1228 0038 0A000000 		.4byte	.LVL21
 1229 003c 0100     		.2byte	0x1
 1230 003e 51       		.byte	0x51
 1231 003f 0A000000 		.4byte	.LVL21
 1232 0043 18000000 		.4byte	.LVL23
 1233 0047 0100     		.2byte	0x1
 1234 0049 54       		.byte	0x54
 1235 004a 18000000 		.4byte	.LVL23
 1236 004e 22000000 		.4byte	.LVL26
 1237 0052 0100     		.2byte	0x1
 1238 0054 56       		.byte	0x56
 1239 0055 22000000 		.4byte	.LVL26
 1240 0059 2A000000 		.4byte	.LFE65
 1241 005d 0100     		.2byte	0x1
 1242 005f 54       		.byte	0x54
 1243 0060 00000000 		.4byte	0
 1244 0064 00000000 		.4byte	0
 1245              	.LLST3:
 1246 0068 00000000 		.4byte	.LVL19
 1247 006c 0A000000 		.4byte	.LVL21
 1248 0070 0100     		.2byte	0x1
 1249 0072 52       		.byte	0x52
 1250 0073 0A000000 		.4byte	.LVL21
 1251 0077 2A000000 		.4byte	.LFE65
 1252 007b 0100     		.2byte	0x1
 1253 007d 57       		.byte	0x57
ARM GAS  C:\Users\asd\AppData\Local\Temp\ccOhEINX.s 			page 31


 1254 007e 00000000 		.4byte	0
 1255 0082 00000000 		.4byte	0
 1256              	.LLST4:
 1257 0086 06000000 		.4byte	.LVL20
 1258 008a 0A000000 		.4byte	.LVL21
 1259 008e 0200     		.2byte	0x2
 1260 0090 30       		.byte	0x30
 1261 0091 9F       		.byte	0x9f
 1262 0092 0A000000 		.4byte	.LVL21
 1263 0096 2A000000 		.4byte	.LFE65
 1264 009a 0100     		.2byte	0x1
 1265 009c 55       		.byte	0x55
 1266 009d 00000000 		.4byte	0
 1267 00a1 00000000 		.4byte	0
 1268              	.LLST5:
 1269 00a5 00000000 		.4byte	.LVL27
 1270 00a9 0A000000 		.4byte	.LVL29
 1271 00ad 0100     		.2byte	0x1
 1272 00af 50       		.byte	0x50
 1273 00b0 0A000000 		.4byte	.LVL29
 1274 00b4 38000000 		.4byte	.LFE66
 1275 00b8 0400     		.2byte	0x4
 1276 00ba F3       		.byte	0xf3
 1277 00bb 01       		.uleb128 0x1
 1278 00bc 50       		.byte	0x50
 1279 00bd 9F       		.byte	0x9f
 1280 00be 00000000 		.4byte	0
 1281 00c2 00000000 		.4byte	0
 1282              	.LLST6:
 1283 00c6 00000000 		.4byte	.LVL27
 1284 00ca 0A000000 		.4byte	.LVL29
 1285 00ce 0100     		.2byte	0x1
 1286 00d0 51       		.byte	0x51
 1287 00d1 0A000000 		.4byte	.LVL29
 1288 00d5 26000000 		.4byte	.LVL36
 1289 00d9 0100     		.2byte	0x1
 1290 00db 57       		.byte	0x57
 1291 00dc 26000000 		.4byte	.LVL36
 1292 00e0 30000000 		.4byte	.LVL38
 1293 00e4 0100     		.2byte	0x1
 1294 00e6 53       		.byte	0x53
 1295 00e7 30000000 		.4byte	.LVL38
 1296 00eb 34000000 		.4byte	.LVL39
 1297 00ef 0100     		.2byte	0x1
 1298 00f1 57       		.byte	0x57
 1299 00f2 00000000 		.4byte	0
 1300 00f6 00000000 		.4byte	0
 1301              	.LLST7:
 1302 00fa 00000000 		.4byte	.LVL27
 1303 00fe 0A000000 		.4byte	.LVL29
 1304 0102 0100     		.2byte	0x1
 1305 0104 52       		.byte	0x52
 1306 0105 0A000000 		.4byte	.LVL29
 1307 0109 38000000 		.4byte	.LFE66
 1308 010d 0100     		.2byte	0x1
 1309 010f 54       		.byte	0x54
 1310 0110 00000000 		.4byte	0
ARM GAS  C:\Users\asd\AppData\Local\Temp\ccOhEINX.s 			page 32


 1311 0114 00000000 		.4byte	0
 1312              	.LLST8:
 1313 0118 06000000 		.4byte	.LVL28
 1314 011c 0A000000 		.4byte	.LVL29
 1315 0120 0200     		.2byte	0x2
 1316 0122 30       		.byte	0x30
 1317 0123 9F       		.byte	0x9f
 1318 0124 0A000000 		.4byte	.LVL29
 1319 0128 38000000 		.4byte	.LFE66
 1320 012c 0100     		.2byte	0x1
 1321 012e 56       		.byte	0x56
 1322 012f 00000000 		.4byte	0
 1323 0133 00000000 		.4byte	0
 1324              	.LLST9:
 1325 0137 0E000000 		.4byte	.LVL30
 1326 013b 15000000 		.4byte	.LVL31-1
 1327 013f 0100     		.2byte	0x1
 1328 0141 50       		.byte	0x50
 1329 0142 1C000000 		.4byte	.LVL33
 1330 0146 24000000 		.4byte	.LVL35
 1331 014a 0200     		.2byte	0x2
 1332 014c 3A       		.byte	0x3a
 1333 014d 9F       		.byte	0x9f
 1334 014e 24000000 		.4byte	.LVL35
 1335 0152 30000000 		.4byte	.LVL38
 1336 0156 0100     		.2byte	0x1
 1337 0158 55       		.byte	0x55
 1338 0159 00000000 		.4byte	0
 1339 015d 00000000 		.4byte	0
 1340              		.section	.debug_aranges,"",%progbits
 1341 0000 2C000000 		.4byte	0x2c
 1342 0004 0200     		.2byte	0x2
 1343 0006 00000000 		.4byte	.Ldebug_info0
 1344 000a 04       		.byte	0x4
 1345 000b 00       		.byte	0
 1346 000c 0000     		.2byte	0
 1347 000e 0000     		.2byte	0
 1348 0010 00000000 		.4byte	.LFB64
 1349 0014 AC000000 		.4byte	.LFE64-.LFB64
 1350 0018 00000000 		.4byte	.LFB65
 1351 001c 2A000000 		.4byte	.LFE65-.LFB65
 1352 0020 00000000 		.4byte	.LFB66
 1353 0024 38000000 		.4byte	.LFE66-.LFB66
 1354 0028 00000000 		.4byte	0
 1355 002c 00000000 		.4byte	0
 1356              		.section	.debug_ranges,"",%progbits
 1357              	.Ldebug_ranges0:
 1358 0000 00000000 		.4byte	.LFB64
 1359 0004 AC000000 		.4byte	.LFE64
 1360 0008 00000000 		.4byte	.LFB65
 1361 000c 2A000000 		.4byte	.LFE65
 1362 0010 00000000 		.4byte	.LFB66
 1363 0014 38000000 		.4byte	.LFE66
 1364 0018 00000000 		.4byte	0
 1365 001c 00000000 		.4byte	0
 1366              		.section	.debug_line,"",%progbits
 1367              	.Ldebug_line0:
ARM GAS  C:\Users\asd\AppData\Local\Temp\ccOhEINX.s 			page 33


 1368 0000 0D020000 		.section	.debug_str,"MS",%progbits,1
 1368      02007601 
 1368      00000201 
 1368      FB0E0D00 
 1368      01010101 
 1369              	.LASF41:
 1370 0000 73656E73 		.ascii	"sensors_\000"
 1370      6F72735F 
 1370      00
 1371              	.LASF26:
 1372 0009 7265666C 		.ascii	"reflectance_read\000"
 1372      65637461 
 1372      6E63655F 
 1372      72656164 
 1372      00
 1373              	.LASF24:
 1374 001a 6765745F 		.ascii	"get_IR\000"
 1374      495200
 1375              	.LASF5:
 1376 0021 5F5F696E 		.ascii	"__int32_t\000"
 1376      7433325F 
 1376      7400
 1377              	.LASF31:
 1378 002b 6D6F746F 		.ascii	"motor_backward\000"
 1378      725F6261 
 1378      636B7761 
 1378      726400
 1379              	.LASF27:
 1380 003a 7265666C 		.ascii	"reflectance_digital\000"
 1380      65637461 
 1380      6E63655F 
 1380      64696769 
 1380      74616C00 
 1381              	.LASF34:
 1382 004e 7265666C 		.ascii	"reflectance_start\000"
 1382      65637461 
 1382      6E63655F 
 1382      73746172 
 1382      7400
 1383              	.LASF22:
 1384 0060 5F726561 		.ascii	"_read\000"
 1384      6400
 1385              	.LASF13:
 1386 0066 666C6F61 		.ascii	"float\000"
 1386      7400
 1387              	.LASF21:
 1388 006c 66696C65 		.ascii	"file\000"
 1388      00
 1389              	.LASF33:
 1390 0071 73656E73 		.ascii	"sensor_isr_StartEx\000"
 1390      6F725F69 
 1390      73725F53 
 1390      74617274 
 1390      457800
 1391              	.LASF1:
 1392 0084 756E7369 		.ascii	"unsigned char\000"
 1392      676E6564 
ARM GAS  C:\Users\asd\AppData\Local\Temp\ccOhEINX.s 			page 34


 1392      20636861 
 1392      7200
 1393              	.LASF38:
 1394 0092 474E5520 		.ascii	"GNU C11 5.4.1 20160609 (release) [ARM/embedded-5-br"
 1394      43313120 
 1394      352E342E 
 1394      31203230 
 1394      31363036 
 1395 00c5 616E6368 		.ascii	"anch revision 237715] -mcpu=cortex-m3 -mthumb -g -O"
 1395      20726576 
 1395      6973696F 
 1395      6E203233 
 1395      37373135 
 1396 00f8 67202D66 		.ascii	"g -ffunction-sections -ffat-lto-objects\000"
 1396      66756E63 
 1396      74696F6E 
 1396      2D736563 
 1396      74696F6E 
 1397              	.LASF18:
 1398 0120 49525F76 		.ascii	"IR_val\000"
 1398      616C00
 1399              	.LASF7:
 1400 0127 6C6F6E67 		.ascii	"long unsigned int\000"
 1400      20756E73 
 1400      69676E65 
 1400      6420696E 
 1400      7400
 1401              	.LASF42:
 1402 0139 49544D5F 		.ascii	"ITM_RxBuffer\000"
 1402      52784275 
 1402      66666572 
 1402      00
 1403              	.LASF28:
 1404 0146 6D6F746F 		.ascii	"motor_forward\000"
 1404      725F666F 
 1404      72776172 
 1404      6400
 1405              	.LASF35:
 1406 0154 49525F6C 		.ascii	"IR_led_Write\000"
 1406      65645F57 
 1406      72697465 
 1406      00
 1407              	.LASF4:
 1408 0161 5F5F7569 		.ascii	"__uint16_t\000"
 1408      6E743136 
 1408      5F7400
 1409              	.LASF14:
 1410 016c 646F7562 		.ascii	"double\000"
 1410      6C6500
 1411              	.LASF19:
 1412 0173 6D61696E 		.ascii	"main\000"
 1412      00
 1413              	.LASF36:
 1414 0178 55415254 		.ascii	"UART_1_PutChar\000"
 1414      5F315F50 
 1414      75744368 
 1414      617200
ARM GAS  C:\Users\asd\AppData\Local\Temp\ccOhEINX.s 			page 35


 1415              	.LASF10:
 1416 0187 756E7369 		.ascii	"unsigned int\000"
 1416      676E6564 
 1416      20696E74 
 1416      00
 1417              	.LASF9:
 1418 0194 6C6F6E67 		.ascii	"long long unsigned int\000"
 1418      206C6F6E 
 1418      6720756E 
 1418      7369676E 
 1418      65642069 
 1419              	.LASF25:
 1420 01ab 6D6F746F 		.ascii	"motor_start\000"
 1420      725F7374 
 1420      61727400 
 1421              	.LASF40:
 1422 01b7 4A3A5C50 		.ascii	"J:\\Project\\Steve Brain\\Zumo01\\ZumoBot.cydsn\000"
 1422      726F6A65 
 1422      63745C53 
 1422      74657665 
 1422      20427261 
 1423              	.LASF0:
 1424 01e3 7369676E 		.ascii	"signed char\000"
 1424      65642063 
 1424      68617200 
 1425              	.LASF12:
 1426 01ef 696E7433 		.ascii	"int32_t\000"
 1426      325F7400 
 1427              	.LASF17:
 1428 01f7 73697A65 		.ascii	"sizetype\000"
 1428      74797065 
 1428      00
 1429              	.LASF3:
 1430 0200 73686F72 		.ascii	"short unsigned int\000"
 1430      7420756E 
 1430      7369676E 
 1430      65642069 
 1430      6E7400
 1431              	.LASF8:
 1432 0213 6C6F6E67 		.ascii	"long long int\000"
 1432      206C6F6E 
 1432      6720696E 
 1432      7400
 1433              	.LASF39:
 1434 0221 6D61696E 		.ascii	"main.c\000"
 1434      2E6300
 1435              	.LASF15:
 1436 0228 63686172 		.ascii	"char\000"
 1436      00
 1437              	.LASF20:
 1438 022d 5F777269 		.ascii	"_write\000"
 1438      746500
 1439              	.LASF23:
 1440 0234 636F756E 		.ascii	"count\000"
 1440      7400
 1441              	.LASF2:
 1442 023a 73686F72 		.ascii	"short int\000"
ARM GAS  C:\Users\asd\AppData\Local\Temp\ccOhEINX.s 			page 36


 1442      7420696E 
 1442      7400
 1443              	.LASF11:
 1444 0244 75696E74 		.ascii	"uint16_t\000"
 1444      31365F74 
 1444      00
 1445              	.LASF6:
 1446 024d 6C6F6E67 		.ascii	"long int\000"
 1446      20696E74 
 1446      00
 1447              	.LASF16:
 1448 0256 6C6F6E67 		.ascii	"long double\000"
 1448      20646F75 
 1448      626C6500 
 1449              	.LASF30:
 1450 0262 6D6F746F 		.ascii	"motor_turn\000"
 1450      725F7475 
 1450      726E00
 1451              	.LASF29:
 1452 026d 43794465 		.ascii	"CyDelay\000"
 1452      6C617900 
 1453              	.LASF37:
 1454 0275 55415254 		.ascii	"UART_1_GetChar\000"
 1454      5F315F47 
 1454      65744368 
 1454      617200
 1455              	.LASF32:
 1456 0284 55415254 		.ascii	"UART_1_Start\000"
 1456      5F315F53 
 1456      74617274 
 1456      00
 1457              		.ident	"GCC: (GNU Tools for ARM Embedded Processors) 5.4.1 20160609 (release) [ARM/embedded-5-bran
